series/data1201/Pat0.rcp, 12, 4, 20, 0.002817
series/data1201/Pat1.rcp, 12, 4, 20, 4.670103
series/data1201/Pat2.rcp, 12, 4, 15, 0.007286
series/data1201/Pat3.rcp, 12, 4, 16, 0.002693
series/data1201/Pat4.rcp, 12, 4, 13, 0.001802
series/data1201/Pat5.rcp, 12, 4, 16, 0.020935
series/data1201/Pat6.rcp, 12, 4, 18, 0.002318
series/data1201/Pat7.rcp, 12, 4, 16, 0.001963
series/data1201/Pat8.rcp, 12, 4, 20, 0.002832
series/data1201/Pat9.rcp, 12, 4, 22, 0.002541
series/data1201/Pat10.rcp, 12, 4, 17, 0.066288
series/data1201/Pat11.rcp, 12, 4, 16, 0.001284
series/data1201/Pat12.rcp, 12, 4, 16, 0.001944
series/data1201/Pat13.rcp, 12, 4, 24, 0.002301
series/data1201/Pat14.rcp, 12, 4, 17, 0.002019
series/data1201/Pat15.rcp, 12, 4, 13, 0.002141
series/data1201/Pat16.rcp, 12, 4, 20, 0.050135
series/data1201/Pat17.rcp, 12, 4, 14, 0.001873
series/data1201/Pat18.rcp, 12, 4, 17, 0.001718
series/data1201/Pat19.rcp, 12, 4, 18, 0.002127
series/data1201/Pat20.rcp, 12, 4, 13, 0.002109
series/data1201/Pat21.rcp, 12, 4, 14, 0.002016
series/data1201/Pat22.rcp, 12, 4, 16, 0.002490
series/data1201/Pat23.rcp, 12, 4, 19, 0.005832
series/data1201/Pat24.rcp, 12, 4, 18, 0.002498
series/data1201/Pat25.rcp, 12, 4, 18, 0.012149
series/data1201/Pat26.rcp, 12, 4, 15, 0.017964
series/data1201/Pat27.rcp, 12, 4, 20, 0.244752
series/data1201/Pat28.rcp, 12, 4, 21, 0.020905
series/data1201/Pat29.rcp, 12, 4, 17, 0.002515
series/data1201/Pat0.rcp, 12, 8, 20, 0.002727
series/data1201/Pat1.rcp, 12, 8, 17, 0.002021
series/data1201/Pat2.rcp, 12, 8, 12, 0.001648
series/data1201/Pat3.rcp, 12, 8, 14, 0.002519
series/data1201/Pat4.rcp, 12, 8, 13, 0.001793
series/data1201/Pat5.rcp, 12, 8, 12, 0.002965
series/data1201/Pat6.rcp, 12, 8, 18, 0.002486
series/data1201/Pat7.rcp, 12, 8, 16, 0.001653
series/data1201/Pat8.rcp, 12, 8, 20, 0.002893
series/data1201/Pat9.rcp, 12, 8, 22, 0.002659
series/data1201/Pat10.rcp, 12, 8, 16, 0.002016
series/data1201/Pat11.rcp, 12, 8, 16, 0.001536
series/data1201/Pat12.rcp, 12, 8, 16, 0.002060
series/data1201/Pat13.rcp, 12, 8, 24, 0.002401
series/data1201/Pat14.rcp, 12, 8, 17, 0.002117
series/data1201/Pat15.rcp, 12, 8, 13, 0.001899
series/data1201/Pat16.rcp, 12, 8, 20, 0.001689
series/data1201/Pat17.rcp, 12, 8, 13, 0.001975
series/data1201/Pat18.rcp, 12, 8, 17, 0.001740
series/data1201/Pat19.rcp, 12, 8, 16, 0.002280
series/data1201/Pat20.rcp, 12, 8, 12, 0.001970
series/data1201/Pat21.rcp, 12, 8, 14, 0.002083
series/data1201/Pat22.rcp, 12, 8, 16, 0.001996
series/data1201/Pat23.rcp, 12, 8, 14, 0.002524
series/data1201/Pat24.rcp, 12, 8, 18, 0.002608
series/data1201/Pat25.rcp, 12, 8, 14, 0.002320
series/data1201/Pat26.rcp, 12, 8, 12, 0.002044
series/data1201/Pat27.rcp, 12, 8, 18, 0.002018
series/data1201/Pat28.rcp, 12, 8, 15, 0.001806
series/data1201/Pat29.rcp, 12, 8, 17, 0.002727
series/data1201/Pat0.rcp, 12, 16, 20, 0.002708
series/data1201/Pat1.rcp, 12, 16, 17, 0.001884
series/data1201/Pat2.rcp, 12, 16, 12, 0.001637
series/data1201/Pat3.rcp, 12, 16, 14, 0.002610
series/data1201/Pat4.rcp, 12, 16, 13, 0.001767
series/data1201/Pat5.rcp, 12, 16, 12, 0.001977
series/data1201/Pat6.rcp, 12, 16, 18, 0.002304
series/data1201/Pat7.rcp, 12, 16, 16, 0.001662
series/data1201/Pat8.rcp, 12, 16, 20, 0.002962
series/data1201/Pat9.rcp, 12, 16, 22, 0.002659
series/data1201/Pat10.rcp, 12, 16, 16, 0.002013
series/data1201/Pat11.rcp, 12, 16, 16, 0.001348
series/data1201/Pat12.rcp, 12, 16, 16, 0.002016
series/data1201/Pat13.rcp, 12, 16, 24, 0.002426
series/data1201/Pat14.rcp, 12, 16, 17, 0.002266
series/data1201/Pat15.rcp, 12, 16, 13, 0.002095
series/data1201/Pat16.rcp, 12, 16, 20, 0.001743
series/data1201/Pat17.rcp, 12, 16, 13, 0.002046
series/data1201/Pat18.rcp, 12, 16, 17, 0.001646
series/data1201/Pat19.rcp, 12, 16, 16, 0.002238
series/data1201/Pat20.rcp, 12, 16, 12, 0.001987
series/data1201/Pat21.rcp, 12, 16, 14, 0.002071
series/data1201/Pat22.rcp, 12, 16, 16, 0.001946
series/data1201/Pat23.rcp, 12, 16, 14, 0.002593
series/data1201/Pat24.rcp, 12, 16, 18, 0.002546
series/data1201/Pat25.rcp, 12, 16, 14, 0.002250
series/data1201/Pat26.rcp, 12, 16, 12, 0.001931
series/data1201/Pat27.rcp, 12, 16, 18, 0.001880
series/data1201/Pat28.rcp, 12, 16, 15, 0.001736
series/data1201/Pat29.rcp, 12, 16, 17, 0.002740
series/data1301/Pat0.rcp, 13, 4, 22, 0.014618
series/data1301/Pat1.rcp, 13, 4, 16, 0.002271
series/data1301/Pat2.rcp, 13, 4, 18, 0.003007
series/data1301/Pat3.rcp, 13, 4, 20, 0.009650
series/data1301/Pat4.rcp, 13, 4, 18, 0.003321
series/data1301/Pat5.rcp, 13, 4, 16, 0.002383
series/data1301/Pat6.rcp, 13, 4, 21, 1.187751
series/data1301/Pat7.rcp, 13, 4, 17, 0.006158
series/data1301/Pat8.rcp, 13, 4, 24, 24.671052
series/data1301/Pat9.rcp, 13, 4, 16, 0.002368
series/data1301/Pat10.rcp, 13, 4, 14, 0.002490
series/data1301/Pat11.rcp, 13, 4, 19, 0.002133
series/data1301/Pat12.rcp, 13, 4, 18, 0.303524
series/data1301/Pat13.rcp, 13, 4, 15, 0.081971
series/data1301/Pat14.rcp, 13, 4, 20, 0.002942
series/data1301/Pat15.rcp, 13, 4, 22, 0.002402
series/data1301/Pat16.rcp, 13, 4, 16, 0.002305
series/data1301/Pat17.rcp, 13, 4, 18, 0.002354
series/data1301/Pat18.rcp, 13, 4, 24, 10.468338
series/data1301/Pat19.rcp, 13, 4, 19, 0.015336
series/data1301/Pat20.rcp, 13, 4, 17, 0.037740
series/data1301/Pat21.rcp, 13, 4, 19, 3.811233
series/data1301/Pat22.rcp, 13, 4, 21, 0.003574
series/data1301/Pat23.rcp, 13, 4, 17, 0.002695
series/data1301/Pat24.rcp, 13, 4, 19, 0.003047
series/data1301/Pat25.rcp, 13, 4, 15, 0.002555
series/data1301/Pat26.rcp, 13, 4, 20, 0.007420
series/data1301/Pat27.rcp, 13, 4, 17, 0.003246
series/data1301/Pat28.rcp, 13, 4, 15, 0.002174
series/data1301/Pat29.rcp, 13, 4, 19, 0.002567
series/data1301/Pat0.rcp, 13, 8, 16, 0.003073
series/data1301/Pat1.rcp, 13, 8, 15, 0.002225
series/data1301/Pat2.rcp, 13, 8, 18, 0.003041
series/data1301/Pat3.rcp, 13, 8, 20, 0.002828
series/data1301/Pat4.rcp, 13, 8, 18, 0.003169
series/data1301/Pat5.rcp, 13, 8, 15, 0.002416
series/data1301/Pat6.rcp, 13, 8, 18, 0.003073
series/data1301/Pat7.rcp, 13, 8, 15, 0.002475
series/data1301/Pat8.rcp, 13, 8, 18, 0.002687
series/data1301/Pat9.rcp, 13, 8, 16, 0.002448
series/data1301/Pat10.rcp, 13, 8, 14, 0.002492
series/data1301/Pat11.rcp, 13, 8, 19, 0.001912
series/data1301/Pat12.rcp, 13, 8, 12, 0.001820
series/data1301/Pat13.rcp, 13, 8, 11, 0.002289
series/data1301/Pat14.rcp, 13, 8, 20, 0.003034
series/data1301/Pat15.rcp, 13, 8, 17, 0.002515
series/data1301/Pat16.rcp, 13, 8, 15, 0.002485
series/data1301/Pat17.rcp, 13, 8, 18, 0.002569
series/data1301/Pat18.rcp, 13, 8, 16, 0.002710
series/data1301/Pat19.rcp, 13, 8, 17, 0.002879
series/data1301/Pat20.rcp, 13, 8, 12, 0.002015
series/data1301/Pat21.rcp, 13, 8, 18, 0.002139
series/data1301/Pat22.rcp, 13, 8, 19, 0.003144
series/data1301/Pat23.rcp, 13, 8, 15, 0.002448
series/data1301/Pat24.rcp, 13, 8, 19, 0.003193
series/data1301/Pat25.rcp, 13, 8, 15, 0.002743
series/data1301/Pat26.rcp, 13, 8, 18, 0.002815
series/data1301/Pat27.rcp, 13, 8, 17, 0.003177
series/data1301/Pat28.rcp, 13, 8, 14, 0.002179
series/data1301/Pat29.rcp, 13, 8, 19, 0.002567
series/data1301/Pat0.rcp, 13, 16, 16, 0.003238
series/data1301/Pat1.rcp, 13, 16, 15, 0.002300
series/data1301/Pat2.rcp, 13, 16, 18, 0.003116
series/data1301/Pat3.rcp, 13, 16, 20, 0.002781
series/data1301/Pat4.rcp, 13, 16, 18, 0.003291
series/data1301/Pat5.rcp, 13, 16, 15, 0.002426
series/data1301/Pat6.rcp, 13, 16, 18, 0.003242
series/data1301/Pat7.rcp, 13, 16, 15, 0.002409
series/data1301/Pat8.rcp, 13, 16, 18, 0.002583
series/data1301/Pat9.rcp, 13, 16, 16, 0.002433
series/data1301/Pat10.rcp, 13, 16, 14, 0.002690
series/data1301/Pat11.rcp, 13, 16, 19, 0.001791
series/data1301/Pat12.rcp, 13, 16, 12, 0.001860
series/data1301/Pat13.rcp, 13, 16, 11, 0.002322
series/data1301/Pat14.rcp, 13, 16, 20, 0.003098
series/data1301/Pat15.rcp, 13, 16, 17, 0.002577
series/data1301/Pat16.rcp, 13, 16, 15, 0.002500
series/data1301/Pat17.rcp, 13, 16, 18, 0.002419
series/data1301/Pat18.rcp, 13, 16, 16, 0.002694
series/data1301/Pat19.rcp, 13, 16, 17, 0.002895
series/data1301/Pat20.rcp, 13, 16, 12, 0.002018
series/data1301/Pat21.rcp, 13, 16, 18, 0.002148
series/data1301/Pat22.rcp, 13, 16, 19, 0.003263
series/data1301/Pat23.rcp, 13, 16, 15, 0.002447
series/data1301/Pat24.rcp, 13, 16, 19, 0.003238
series/data1301/Pat25.rcp, 13, 16, 15, 0.003131
series/data1301/Pat26.rcp, 13, 16, 18, 0.002831
series/data1301/Pat27.rcp, 13, 16, 17, 0.003173
series/data1301/Pat28.rcp, 13, 16, 14, 0.002290
series/data1301/Pat29.rcp, 13, 16, 19, 0.002560
series/data1401/Pat0.rcp, 14, 4, -2, 60.000023
series/data1401/Pat1.rcp, 14, 4, 22, 0.008215
series/data1401/Pat2.rcp, 14, 4, 18, 0.004054
series/data1401/Pat3.rcp, 14, 4, 18, 0.003223
series/data1401/Pat4.rcp, 14, 4, 20, 0.004285
series/data1401/Pat5.rcp, 14, 4, 21, 0.004347
series/data1401/Pat6.rcp, 14, 4, 19, 0.435127
series/data1401/Pat7.rcp, 14, 4, 25, 1.669858
series/data1401/Pat8.rcp, 14, 4, 17, 0.003453
series/data1401/Pat9.rcp, 14, 4, 18, 2.637121
series/data1401/Pat10.rcp, 14, 4, 20, 14.192916
series/data1401/Pat11.rcp, 14, 4, 20, 0.003597
series/data1401/Pat12.rcp, 14, 4, 18, 4.539380
series/data1401/Pat13.rcp, 14, 4, 19, 0.004569
series/data1401/Pat14.rcp, 14, 4, 17, 0.003374
series/data1401/Pat15.rcp, 14, 4, 21, 0.271274
series/data1401/Pat16.rcp, 14, 4, 20, 0.004664
series/data1401/Pat17.rcp, 14, 4, 23, 0.021648
series/data1401/Pat18.rcp, 14, 4, 16, 0.004008
series/data1401/Pat19.rcp, 14, 4, 21, 0.003536
series/data1401/Pat20.rcp, 14, 4, 23, 0.005733
series/data1401/Pat21.rcp, 14, 4, 18, 0.066323
series/data1401/Pat22.rcp, 14, 4, 17, 0.005070
series/data1401/Pat23.rcp, 14, 4, 20, 7.350896
series/data1401/Pat24.rcp, 14, 4, 18, 0.003647
series/data1401/Pat25.rcp, 14, 4, 23, 0.003607
series/data1401/Pat26.rcp, 14, 4, 20, 0.004170
series/data1401/Pat27.rcp, 14, 4, 19, 0.156995
series/data1401/Pat28.rcp, 14, 4, 16, 0.015557
series/data1401/Pat29.rcp, 14, 4, 24, 0.020379
series/data1401/Pat0.rcp, 14, 8, 14, 0.004183
series/data1401/Pat1.rcp, 14, 8, 14, 0.004021
series/data1401/Pat2.rcp, 14, 8, 18, 0.003829
series/data1401/Pat3.rcp, 14, 8, 18, 0.003178
series/data1401/Pat4.rcp, 14, 8, 18, 0.003835
series/data1401/Pat5.rcp, 14, 8, 19, 0.004394
series/data1401/Pat6.rcp, 14, 8, 15, 0.003412
series/data1401/Pat7.rcp, 14, 8, 19, 0.003521
series/data1401/Pat8.rcp, 14, 8, 16, 0.004097
series/data1401/Pat9.rcp, 14, 8, 16, 0.002560
series/data1401/Pat10.rcp, 14, 8, 13, 0.003266
series/data1401/Pat11.rcp, 14, 8, 16, 0.002664
series/data1401/Pat12.rcp, 14, 8, 13, 0.003067
series/data1401/Pat13.rcp, 14, 8, 17, 0.004569
series/data1401/Pat14.rcp, 14, 8, 17, 0.003520
series/data1401/Pat15.rcp, 14, 8, 17, 0.003299
series/data1401/Pat16.rcp, 14, 8, 20, 0.004805
series/data1401/Pat17.rcp, 14, 8, 18, 0.004086
series/data1401/Pat18.rcp, 14, 8, 16, 0.004244
series/data1401/Pat19.rcp, 14, 8, 21, 0.003688
series/data1401/Pat20.rcp, 14, 8, 23, 0.005504
series/data1401/Pat21.rcp, 14, 8, 16, 0.003220
series/data1401/Pat22.rcp, 14, 8, 16, 0.003417
series/data1401/Pat23.rcp, 14, 8, 20, 0.003246
series/data1401/Pat24.rcp, 14, 8, 17, 0.003851
series/data1401/Pat25.rcp, 14, 8, 22, 0.003961
series/data1401/Pat26.rcp, 14, 8, 20, 0.004257
series/data1401/Pat27.rcp, 14, 8, 18, 0.004789
series/data1401/Pat28.rcp, 14, 8, 13, 0.003188
series/data1401/Pat29.rcp, 14, 8, 21, 0.003900
series/data1401/Pat0.rcp, 14, 16, 14, 0.003877
series/data1401/Pat1.rcp, 14, 16, 14, 0.004285
series/data1401/Pat2.rcp, 14, 16, 18, 0.003610
series/data1401/Pat3.rcp, 14, 16, 18, 0.003283
series/data1401/Pat4.rcp, 14, 16, 18, 0.003994
series/data1401/Pat5.rcp, 14, 16, 19, 0.004490
series/data1401/Pat6.rcp, 14, 16, 15, 0.003096
series/data1401/Pat7.rcp, 14, 16, 19, 0.003715
series/data1401/Pat8.rcp, 14, 16, 16, 0.003504
series/data1401/Pat9.rcp, 14, 16, 16, 0.002727
series/data1401/Pat10.rcp, 14, 16, 13, 0.003355
series/data1401/Pat11.rcp, 14, 16, 16, 0.002724
series/data1401/Pat12.rcp, 14, 16, 13, 0.002953
series/data1401/Pat13.rcp, 14, 16, 17, 0.004433
series/data1401/Pat14.rcp, 14, 16, 17, 0.003745
series/data1401/Pat15.rcp, 14, 16, 17, 0.003361
series/data1401/Pat16.rcp, 14, 16, 20, 0.004973
series/data1401/Pat17.rcp, 14, 16, 18, 0.004092
series/data1401/Pat18.rcp, 14, 16, 16, 0.003898
series/data1401/Pat19.rcp, 14, 16, 21, 0.003792
series/data1401/Pat20.rcp, 14, 16, 23, 0.006014
series/data1401/Pat21.rcp, 14, 16, 16, 0.003188
series/data1401/Pat22.rcp, 14, 16, 16, 0.003439
series/data1401/Pat23.rcp, 14, 16, 20, 0.004255
series/data1401/Pat24.rcp, 14, 16, 17, 0.003604
series/data1401/Pat25.rcp, 14, 16, 22, 0.003864
series/data1401/Pat26.rcp, 14, 16, 20, 0.004512
series/data1401/Pat27.rcp, 14, 16, 18, 0.005110
series/data1401/Pat28.rcp, 14, 16, 13, 0.003262
series/data1401/Pat29.rcp, 14, 16, 21, 0.003956
series/data1501/Pat0.rcp, 15, 4, 20, 0.016620
series/data1501/Pat1.rcp, 15, 4, 23, 0.268191
series/data1501/Pat2.rcp, 15, 4, 23, 0.012867
series/data1501/Pat3.rcp, 15, 4, 19, 1.045870
series/data1501/Pat4.rcp, 15, 4, 27, 0.007240
series/data1501/Pat5.rcp, 15, 4, 18, 0.005265
series/data1501/Pat6.rcp, 15, 4, 24, 0.008974
series/data1501/Pat7.rcp, 15, 4, 21, 0.072385
series/data1501/Pat8.rcp, 15, 4, 21, 7.062592
series/data1501/Pat9.rcp, 15, 4, 19, 0.006440
series/data1501/Pat10.rcp, 15, 4, 19, 0.016755
series/data1501/Pat11.rcp, 15, 4, 18, 0.004791
series/data1501/Pat12.rcp, 15, 4, 18, 0.004680
series/data1501/Pat13.rcp, 15, 4, 18, 0.003982
series/data1501/Pat14.rcp, 15, 4, 18, 0.028424
series/data1501/Pat15.rcp, 15, 4, 20, 0.031929
series/data1501/Pat16.rcp, 15, 4, 17, 0.011483
series/data1501/Pat17.rcp, 15, 4, 23, 0.588768
series/data1501/Pat18.rcp, 15, 4, 16, 0.004171
series/data1501/Pat19.rcp, 15, 4, 23, 0.706656
series/data1501/Pat20.rcp, 15, 4, 23, 0.103730
series/data1501/Pat21.rcp, 15, 4, 22, 0.297923
series/data1501/Pat22.rcp, 15, 4, 18, 5.308479
series/data1501/Pat23.rcp, 15, 4, 21, 0.093348
series/data1501/Pat24.rcp, 15, 4, 20, 7.461572
series/data1501/Pat25.rcp, 15, 4, 26, 34.086185
series/data1501/Pat26.rcp, 15, 4, 20, 0.004904
series/data1501/Pat27.rcp, 15, 4, 19, 0.004654
series/data1501/Pat28.rcp, 15, 4, 13, 0.003541
series/data1501/Pat29.rcp, 15, 4, 24, 23.910126
series/data1501/Pat0.rcp, 15, 8, 17, 0.004544
series/data1501/Pat1.rcp, 15, 8, 18, 0.004079
series/data1501/Pat2.rcp, 15, 8, 18, 0.004508
series/data1501/Pat3.rcp, 15, 8, 13, 0.004471
series/data1501/Pat4.rcp, 15, 8, 27, 0.005401
series/data1501/Pat5.rcp, 15, 8, 17, 0.005434
series/data1501/Pat6.rcp, 15, 8, 20, 0.005739
series/data1501/Pat7.rcp, 15, 8, 13, 0.004397
series/data1501/Pat8.rcp, 15, 8, 15, 0.004220
series/data1501/Pat9.rcp, 15, 8, 16, 0.004025
series/data1501/Pat10.rcp, 15, 8, 16, 0.003654
series/data1501/Pat11.rcp, 15, 8, 17, 0.004288
series/data1501/Pat12.rcp, 15, 8, 18, 0.004479
series/data1501/Pat13.rcp, 15, 8, 17, 0.004036
series/data1501/Pat14.rcp, 15, 8, 14, 0.003499
series/data1501/Pat15.rcp, 15, 8, 16, 0.004383
series/data1501/Pat16.rcp, 15, 8, 14, 0.003906
series/data1501/Pat17.rcp, 15, 8, 18, 0.005459
series/data1501/Pat18.rcp, 15, 8, 16, 0.004066
series/data1501/Pat19.rcp, 15, 8, 16, 0.003780
series/data1501/Pat20.rcp, 15, 8, 15, 0.003361
series/data1501/Pat21.rcp, 15, 8, 20, 0.005129
series/data1501/Pat22.rcp, 15, 8, 10, 0.003409
series/data1501/Pat23.rcp, 15, 8, 17, 0.004684
series/data1501/Pat24.rcp, 15, 8, 15, 0.004541
series/data1501/Pat25.rcp, 15, 8, 18, 0.004167
series/data1501/Pat26.rcp, 15, 8, 20, 0.004965
series/data1501/Pat27.rcp, 15, 8, 17, 0.004833
series/data1501/Pat28.rcp, 15, 8, 11, 0.003443
series/data1501/Pat29.rcp, 15, 8, 19, 0.004745
series/data1501/Pat0.rcp, 15, 16, 17, 0.006263
series/data1501/Pat1.rcp, 15, 16, 18, 0.004285
series/data1501/Pat2.rcp, 15, 16, 18, 0.004509
series/data1501/Pat3.rcp, 15, 16, 13, 0.004911
series/data1501/Pat4.rcp, 15, 16, 27, 0.005135
series/data1501/Pat5.rcp, 15, 16, 17, 0.005659
series/data1501/Pat6.rcp, 15, 16, 20, 0.005181
series/data1501/Pat7.rcp, 15, 16, 13, 0.004273
series/data1501/Pat8.rcp, 15, 16, 15, 0.004601
series/data1501/Pat9.rcp, 15, 16, 16, 0.004066
series/data1501/Pat10.rcp, 15, 16, 16, 0.003415
series/data1501/Pat11.rcp, 15, 16, 17, 0.005228
series/data1501/Pat12.rcp, 15, 16, 18, 0.004410
series/data1501/Pat13.rcp, 15, 16, 17, 0.004191
series/data1501/Pat14.rcp, 15, 16, 14, 0.003848
series/data1501/Pat15.rcp, 15, 16, 16, 0.004134
series/data1501/Pat16.rcp, 15, 16, 14, 0.003930
series/data1501/Pat17.rcp, 15, 16, 18, 0.004381
series/data1501/Pat18.rcp, 15, 16, 16, 0.004023
series/data1501/Pat19.rcp, 15, 16, 16, 0.003701
series/data1501/Pat20.rcp, 15, 16, 15, 0.003575
series/data1501/Pat21.rcp, 15, 16, 20, 0.004919
series/data1501/Pat22.rcp, 15, 16, 10, 0.003061
series/data1501/Pat23.rcp, 15, 16, 17, 0.005690
series/data1501/Pat24.rcp, 15, 16, 15, 0.003162
series/data1501/Pat25.rcp, 15, 16, 18, 0.004151
series/data1501/Pat26.rcp, 15, 16, 20, 0.005537
series/data1501/Pat27.rcp, 15, 16, 17, 0.004532
series/data1501/Pat28.rcp, 15, 16, 11, 0.003275
series/data1501/Pat29.rcp, 15, 16, 19, 0.004822
series/data1601/Pat0.rcp, 16, 4, 22, 0.010063
series/data1601/Pat1.rcp, 16, 4, 25, 0.011241
series/data1601/Pat2.rcp, 16, 4, 20, 13.809119
series/data1601/Pat3.rcp, 16, 4, 20, 0.004652
series/data1601/Pat4.rcp, 16, 4, 21, 1.632155
series/data1601/Pat5.rcp, 16, 4, 21, 46.926836
series/data1601/Pat6.rcp, 16, 4, 26, 0.006649
series/data1601/Pat7.rcp, 16, 4, 17, 0.091021
series/data1601/Pat8.rcp, 16, 4, -2, 60.000041
series/data1601/Pat9.rcp, 16, 4, -2, 60.000034
series/data1601/Pat10.rcp, 16, 4, 18, 0.071596
series/data1601/Pat11.rcp, 16, 4, -2, 60.000048
series/data1601/Pat12.rcp, 16, 4, 24, 12.588808
series/data1601/Pat13.rcp, 16, 4, 18, 0.004474
series/data1601/Pat14.rcp, 16, 4, 27, 0.008369
series/data1601/Pat15.rcp, 16, 4, 18, 0.706620
series/data1601/Pat16.rcp, 16, 4, 20, 0.044695
series/data1601/Pat17.rcp, 16, 4, 22, 1.609459
series/data1601/Pat18.rcp, 16, 4, 20, 0.324540
series/data1601/Pat19.rcp, 16, 4, 25, 3.624940
series/data1601/Pat20.rcp, 16, 4, 18, 0.006883
series/data1601/Pat21.rcp, 16, 4, 24, 0.016052
series/data1601/Pat22.rcp, 16, 4, 22, 0.007306
series/data1601/Pat23.rcp, 16, 4, 24, 0.023595
series/data1601/Pat24.rcp, 16, 4, 22, 0.201364
series/data1601/Pat25.rcp, 16, 4, 16, 0.004921
series/data1601/Pat26.rcp, 16, 4, 26, 2.285734
series/data1601/Pat27.rcp, 16, 4, 23, 0.695301
series/data1601/Pat28.rcp, 16, 4, 25, 0.339638
series/data1601/Pat29.rcp, 16, 4, 19, 58.301959
series/data1601/Pat0.rcp, 16, 8, 22, 0.008349
series/data1601/Pat1.rcp, 16, 8, 23, 0.004824
series/data1601/Pat2.rcp, 16, 8, 14, 0.004690
series/data1601/Pat3.rcp, 16, 8, 20, 0.005374
series/data1601/Pat4.rcp, 16, 8, 14, 0.005140
series/data1601/Pat5.rcp, 16, 8, 14, 0.006394
series/data1601/Pat6.rcp, 16, 8, 23, 0.006719
series/data1601/Pat7.rcp, 16, 8, 13, 0.004287
series/data1601/Pat8.rcp, 16, 8, 16, 0.006216
series/data1601/Pat9.rcp, 16, 8, 17, 0.004722
series/data1601/Pat10.rcp, 16, 8, 14, 0.004643
series/data1601/Pat11.rcp, 16, 8, 13, 0.339683
series/data1601/Pat12.rcp, 16, 8, 18, 0.004667
series/data1601/Pat13.rcp, 16, 8, 17, 0.004606
series/data1601/Pat14.rcp, 16, 8, 27, 0.007508
series/data1601/Pat15.rcp, 16, 8, 15, 0.004098
series/data1601/Pat16.rcp, 16, 8, 16, 0.006495
series/data1601/Pat17.rcp, 16, 8, 16, 0.006109
series/data1601/Pat18.rcp, 16, 8, 17, 0.006656
series/data1601/Pat19.rcp, 16, 8, 22, 0.004640
series/data1601/Pat20.rcp, 16, 8, 15, 0.004453
series/data1601/Pat21.rcp, 16, 8, 19, 0.006131
series/data1601/Pat22.rcp, 16, 8, 22, 0.006741
series/data1601/Pat23.rcp, 16, 8, 21, 0.005882
series/data1601/Pat24.rcp, 16, 8, 18, 0.005200
series/data1601/Pat25.rcp, 16, 8, 16, 0.005450
series/data1601/Pat26.rcp, 16, 8, 19, 0.007058
series/data1601/Pat27.rcp, 16, 8, 16, 0.006916
series/data1601/Pat28.rcp, 16, 8, 20, 0.006376
series/data1601/Pat29.rcp, 16, 8, 14, 0.005057
series/data1601/Pat0.rcp, 16, 16, 22, 0.009233
series/data1601/Pat1.rcp, 16, 16, 23, 0.005191
series/data1601/Pat2.rcp, 16, 16, 14, 0.004824
series/data1601/Pat3.rcp, 16, 16, 20, 0.004658
series/data1601/Pat4.rcp, 16, 16, 14, 0.004824
series/data1601/Pat5.rcp, 16, 16, 14, 0.005394
series/data1601/Pat6.rcp, 16, 16, 23, 0.006848
series/data1601/Pat7.rcp, 16, 16, 13, 0.004949
series/data1601/Pat8.rcp, 16, 16, 16, 0.005655
series/data1601/Pat9.rcp, 16, 16, 17, 0.004832
series/data1601/Pat10.rcp, 16, 16, 14, 0.004993
series/data1601/Pat11.rcp, 16, 16, 12, 0.004651
series/data1601/Pat12.rcp, 16, 16, 18, 0.004811
series/data1601/Pat13.rcp, 16, 16, 17, 0.005449
series/data1601/Pat14.rcp, 16, 16, 27, 0.007363
series/data1601/Pat15.rcp, 16, 16, 15, 0.004256
series/data1601/Pat16.rcp, 16, 16, 16, 0.006616
series/data1601/Pat17.rcp, 16, 16, 16, 0.005013
series/data1601/Pat18.rcp, 16, 16, 17, 0.005262
series/data1601/Pat19.rcp, 16, 16, 22, 0.004554
series/data1601/Pat20.rcp, 16, 16, 15, 0.004519
series/data1601/Pat21.rcp, 16, 16, 19, 0.006159
series/data1601/Pat22.rcp, 16, 16, 22, 0.006574
series/data1601/Pat23.rcp, 16, 16, 21, 0.006053
series/data1601/Pat24.rcp, 16, 16, 18, 0.005239
series/data1601/Pat25.rcp, 16, 16, 16, 0.005411
series/data1601/Pat26.rcp, 16, 16, 19, 0.006773
series/data1601/Pat27.rcp, 16, 16, 16, 0.006699
series/data1601/Pat28.rcp, 16, 16, 20, 0.008358
series/data1601/Pat29.rcp, 16, 16, 14, 0.005605
series/data1701/Pat0.rcp, 17, 4, 24, 41.022423
series/data1701/Pat1.rcp, 17, 4, 24, 0.989409
series/data1701/Pat2.rcp, 17, 4, 23, 5.353849
series/data1701/Pat3.rcp, 17, 4, 24, 0.125081
series/data1701/Pat4.rcp, 17, 4, 26, 0.007752
series/data1701/Pat5.rcp, 17, 4, 22, 48.545142
series/data1701/Pat6.rcp, 17, 4, -2, 60.000049
series/data1701/Pat7.rcp, 17, 4, 21, 0.906794
series/data1701/Pat8.rcp, 17, 4, 22, 0.044359
series/data1701/Pat9.rcp, 17, 4, 23, 0.007173
series/data1701/Pat10.rcp, 17, 4, 24, 0.110447
series/data1701/Pat11.rcp, 17, 4, 22, 20.258724
series/data1701/Pat12.rcp, 17, 4, 25, 8.816842
series/data1701/Pat13.rcp, 17, 4, 21, 0.116800
series/data1701/Pat14.rcp, 17, 4, 25, 0.009362
series/data1701/Pat15.rcp, 17, 4, 23, 0.114750
series/data1701/Pat16.rcp, 17, 4, 24, 35.660314
series/data1701/Pat17.rcp, 17, 4, 26, 0.362839
series/data1701/Pat18.rcp, 17, 4, 20, 0.007079
series/data1701/Pat19.rcp, 17, 4, 26, 1.487360
series/data1701/Pat20.rcp, 17, 4, 19, 0.006307
series/data1701/Pat21.rcp, 17, 4, 19, 0.679683
series/data1701/Pat22.rcp, 17, 4, 19, 0.006313
series/data1701/Pat23.rcp, 17, 4, 26, 0.063259
series/data1701/Pat24.rcp, 17, 4, 22, 0.008944
series/data1701/Pat25.rcp, 17, 4, 22, 0.006895
series/data1701/Pat26.rcp, 17, 4, 24, 7.546387
series/data1701/Pat27.rcp, 17, 4, 23, 0.466734
series/data1701/Pat28.rcp, 17, 4, 23, 0.007166
series/data1701/Pat29.rcp, 17, 4, 25, 0.010041
series/data1701/Pat0.rcp, 17, 8, 16, 0.006015
series/data1701/Pat1.rcp, 17, 8, 16, 0.005969
series/data1701/Pat2.rcp, 17, 8, 16, 0.006632
series/data1701/Pat3.rcp, 17, 8, 19, 0.009395
series/data1701/Pat4.rcp, 17, 8, 26, 0.007584
series/data1701/Pat5.rcp, 17, 8, 15, 0.006255
series/data1701/Pat6.rcp, 17, 8, 20, 0.009317
series/data1701/Pat7.rcp, 17, 8, 15, 0.006281
series/data1701/Pat8.rcp, 17, 8, 17, 0.004927
series/data1701/Pat9.rcp, 17, 8, 19, 0.007137
series/data1701/Pat10.rcp, 17, 8, 19, 0.007323
series/data1701/Pat11.rcp, 17, 8, 15, 0.006972
series/data1701/Pat12.rcp, 17, 8, 18, 0.006417
series/data1701/Pat13.rcp, 17, 8, 17, 0.005606
series/data1701/Pat14.rcp, 17, 8, 25, 0.010378
series/data1701/Pat15.rcp, 17, 8, 19, 0.004683
series/data1701/Pat16.rcp, 17, 8, 15, 0.004248
series/data1701/Pat17.rcp, 17, 8, 19, 0.006887
series/data1701/Pat18.rcp, 17, 8, 20, 0.007320
series/data1701/Pat19.rcp, 17, 8, 19, 0.008941
series/data1701/Pat20.rcp, 17, 8, 19, 0.005935
series/data1701/Pat21.rcp, 17, 8, 14, 0.004626
series/data1701/Pat22.rcp, 17, 8, 17, 0.006641
series/data1701/Pat23.rcp, 17, 8, 18, 0.007851
series/data1701/Pat24.rcp, 17, 8, 22, 0.008942
series/data1701/Pat25.rcp, 17, 8, 20, 0.007181
series/data1701/Pat26.rcp, 17, 8, 17, 0.007872
series/data1701/Pat27.rcp, 17, 8, 15, 0.006261
series/data1701/Pat28.rcp, 17, 8, 22, 0.007708
series/data1701/Pat29.rcp, 17, 8, 25, 0.009826
series/data1701/Pat0.rcp, 17, 16, 16, 0.006014
series/data1701/Pat1.rcp, 17, 16, 16, 0.005574
series/data1701/Pat2.rcp, 17, 16, 16, 0.007048
series/data1701/Pat3.rcp, 17, 16, 19, 0.009656
series/data1701/Pat4.rcp, 17, 16, 26, 0.007597
series/data1701/Pat5.rcp, 17, 16, 15, 0.005487
series/data1701/Pat6.rcp, 17, 16, 20, 0.010081
series/data1701/Pat7.rcp, 17, 16, 15, 0.006259
series/data1701/Pat8.rcp, 17, 16, 17, 0.004941
series/data1701/Pat9.rcp, 17, 16, 19, 0.007210
series/data1701/Pat10.rcp, 17, 16, 19, 0.006872
series/data1701/Pat11.rcp, 17, 16, 15, 0.008167
series/data1701/Pat12.rcp, 17, 16, 18, 0.006588
series/data1701/Pat13.rcp, 17, 16, 17, 0.005774
series/data1701/Pat14.rcp, 17, 16, 25, 0.010147
series/data1701/Pat15.rcp, 17, 16, 19, 0.004377
series/data1701/Pat16.rcp, 17, 16, 15, 0.004310
series/data1701/Pat17.rcp, 17, 16, 19, 0.006860
series/data1701/Pat18.rcp, 17, 16, 20, 0.006967
series/data1701/Pat19.rcp, 17, 16, 19, 0.008570
series/data1701/Pat20.rcp, 17, 16, 19, 0.006036
series/data1701/Pat21.rcp, 17, 16, 14, 0.004633
series/data1701/Pat22.rcp, 17, 16, 17, 0.006608
series/data1701/Pat23.rcp, 17, 16, 18, 0.007208
series/data1701/Pat24.rcp, 17, 16, 22, 0.009496
series/data1701/Pat25.rcp, 17, 16, 20, 0.007333
series/data1701/Pat26.rcp, 17, 16, 17, 0.007981
series/data1701/Pat27.rcp, 17, 16, 15, 0.005768
series/data1701/Pat28.rcp, 17, 16, 22, 0.008737
series/data1701/Pat29.rcp, 17, 16, 25, 0.010158
series/data1801/Pat0.rcp, 18, 4, -2, 60.000031
series/data1801/Pat1.rcp, 18, 4, 24, 0.021721
series/data1801/Pat2.rcp, 18, 4, 27, 4.459638
series/data1801/Pat3.rcp, 18, 4, 27, 4.245079
series/data1801/Pat4.rcp, 18, 4, -2, 60.000010
series/data1801/Pat5.rcp, 18, 4, 28, 33.022694
series/data1801/Pat6.rcp, 18, 4, 29, 2.238956
series/data1801/Pat7.rcp, 18, 4, 19, 0.007677
series/data1801/Pat8.rcp, 18, 4, -2, 60.000049
series/data1801/Pat9.rcp, 18, 4, 29, 3.210602
series/data1801/Pat10.rcp, 18, 4, -2, 60.000017
series/data1801/Pat11.rcp, 18, 4, 25, 48.066354
series/data1801/Pat12.rcp, 18, 4, 23, 0.653433
series/data1801/Pat13.rcp, 18, 4, -2, 60.000053
series/data1801/Pat14.rcp, 18, 4, 26, 14.047910
series/data1801/Pat15.rcp, 18, 4, 25, 5.427073
series/data1801/Pat16.rcp, 18, 4, -2, 60.000008
series/data1801/Pat17.rcp, 18, 4, 23, 0.019666
series/data1801/Pat18.rcp, 18, 4, -2, 60.000086
series/data1801/Pat19.rcp, 18, 4, 27, 0.357369
series/data1801/Pat20.rcp, 18, 4, -2, 60.000040
series/data1801/Pat21.rcp, 18, 4, 27, 0.426199
series/data1801/Pat22.rcp, 18, 4, -2, 60.000037
series/data1801/Pat23.rcp, 18, 4, 24, 2.142306
series/data1801/Pat24.rcp, 18, 4, -2, 60.000033
series/data1801/Pat25.rcp, 18, 4, 27, 0.010031
series/data1801/Pat26.rcp, 18, 4, 26, 3.056830
series/data1801/Pat27.rcp, 18, 4, -2, 60.000029
series/data1801/Pat28.rcp, 18, 4, 26, 0.015499
series/data1801/Pat29.rcp, 18, 4, 29, 33.346125
series/data1801/Pat0.rcp, 18, 8, 16, 0.005613
series/data1801/Pat1.rcp, 18, 8, 21, 0.008621
series/data1801/Pat2.rcp, 18, 8, 19, 0.008423
series/data1801/Pat3.rcp, 18, 8, 18, 0.007448
series/data1801/Pat4.rcp, 18, 8, 17, 0.007428
series/data1801/Pat5.rcp, 18, 8, 20, 0.008086
series/data1801/Pat6.rcp, 18, 8, 20, 0.008982
series/data1801/Pat7.rcp, 18, 8, 19, 0.007774
series/data1801/Pat8.rcp, 18, 8, 17, 0.009047
series/data1801/Pat9.rcp, 18, 8, 20, 0.007429
series/data1801/Pat10.rcp, 18, 8, 16, 0.007142
series/data1801/Pat11.rcp, 18, 8, 16, 0.006058
series/data1801/Pat12.rcp, 18, 8, 18, 0.010763
series/data1801/Pat13.rcp, 18, 8, 19, 0.008139
series/data1801/Pat14.rcp, 18, 8, 23, 0.010486
series/data1801/Pat15.rcp, 18, 8, 17, 0.007048
series/data1801/Pat16.rcp, 18, 8, 22, 0.008611
series/data1801/Pat17.rcp, 18, 8, 21, 0.006722
series/data1801/Pat18.rcp, 18, 8, 16, 0.006761
series/data1801/Pat19.rcp, 18, 8, 20, 0.007990
series/data1801/Pat20.rcp, 18, 8, 20, 0.007717
series/data1801/Pat21.rcp, 18, 8, 21, 0.010365
series/data1801/Pat22.rcp, 18, 8, 18, 0.007485
series/data1801/Pat23.rcp, 18, 8, 18, 0.009536
series/data1801/Pat24.rcp, 18, 8, 20, 0.008552
series/data1801/Pat25.rcp, 18, 8, 27, 0.009048
series/data1801/Pat26.rcp, 18, 8, 19, 0.011654
series/data1801/Pat27.rcp, 18, 8, 13, 0.006342
series/data1801/Pat28.rcp, 18, 8, 20, 0.009198
series/data1801/Pat29.rcp, 18, 8, 17, 0.005767
series/data1801/Pat0.rcp, 18, 16, 16, 0.005471
series/data1801/Pat1.rcp, 18, 16, 21, 0.008819
series/data1801/Pat2.rcp, 18, 16, 19, 0.008461
series/data1801/Pat3.rcp, 18, 16, 18, 0.007500
series/data1801/Pat4.rcp, 18, 16, 17, 0.008255
series/data1801/Pat5.rcp, 18, 16, 20, 0.008003
series/data1801/Pat6.rcp, 18, 16, 20, 0.008985
series/data1801/Pat7.rcp, 18, 16, 19, 0.007745
series/data1801/Pat8.rcp, 18, 16, 17, 0.008985
series/data1801/Pat9.rcp, 18, 16, 20, 0.007397
series/data1801/Pat10.rcp, 18, 16, 16, 0.007342
series/data1801/Pat11.rcp, 18, 16, 16, 0.006174
series/data1801/Pat12.rcp, 18, 16, 18, 0.010761
series/data1801/Pat13.rcp, 18, 16, 19, 0.008186
series/data1801/Pat14.rcp, 18, 16, 23, 0.011213
series/data1801/Pat15.rcp, 18, 16, 17, 0.007005
series/data1801/Pat16.rcp, 18, 16, 22, 0.008610
series/data1801/Pat17.rcp, 18, 16, 21, 0.006831
series/data1801/Pat18.rcp, 18, 16, 16, 0.006771
series/data1801/Pat19.rcp, 18, 16, 20, 0.008090
series/data1801/Pat20.rcp, 18, 16, 20, 0.007859
series/data1801/Pat21.rcp, 18, 16, 21, 0.010331
series/data1801/Pat22.rcp, 18, 16, 18, 0.007400
series/data1801/Pat23.rcp, 18, 16, 18, 0.009806
series/data1801/Pat24.rcp, 18, 16, 20, 0.008177
series/data1801/Pat25.rcp, 18, 16, 27, 0.010194
series/data1801/Pat26.rcp, 18, 16, 19, 0.011778
series/data1801/Pat27.rcp, 18, 16, 13, 0.005990
series/data1801/Pat28.rcp, 18, 16, 20, 0.009328
series/data1801/Pat29.rcp, 18, 16, 17, 0.005567
series/data1901/Pat0.rcp, 19, 4, 24, 19.911777
series/data1901/Pat1.rcp, 19, 4, 22, 2.199499
series/data1901/Pat2.rcp, 19, 4, -2, 60.000015
series/data1901/Pat3.rcp, 19, 4, 26, 53.429297
series/data1901/Pat4.rcp, 19, 4, 25, 0.030290
series/data1901/Pat5.rcp, 19, 4, -2, 60.000090
series/data1901/Pat6.rcp, 19, 4, 23, 26.212707
series/data1901/Pat7.rcp, 19, 4, 23, 0.012672
series/data1901/Pat8.rcp, 19, 4, 21, 0.048093
series/data1901/Pat9.rcp, 19, 4, -2, 60.000058
series/data1901/Pat10.rcp, 19, 4, -2, 60.000077
series/data1901/Pat11.rcp, 19, 4, 27, 0.786135
series/data1901/Pat12.rcp, 19, 4, -2, 60.000030
series/data1901/Pat13.rcp, 19, 4, 21, 0.010924
series/data1901/Pat14.rcp, 19, 4, 16, 0.009260
series/data1901/Pat15.rcp, 19, 4, -2, 60.000035
series/data1901/Pat16.rcp, 19, 4, -2, 60.000030
series/data1901/Pat17.rcp, 19, 4, -2, 60.000070
series/data1901/Pat18.rcp, 19, 4, -2, 60.000060
series/data1901/Pat19.rcp, 19, 4, 24, 0.150437
series/data1901/Pat20.rcp, 19, 4, 20, 0.011331
series/data1901/Pat21.rcp, 19, 4, -2, 60.000059
series/data1901/Pat22.rcp, 19, 4, 19, 0.009575
series/data1901/Pat23.rcp, 19, 4, -2, 60.000077
series/data1901/Pat24.rcp, 19, 4, 24, 33.154749
series/data1901/Pat25.rcp, 19, 4, -2, 60.000046
series/data1901/Pat26.rcp, 19, 4, 29, 0.059439
series/data1901/Pat27.rcp, 19, 4, 27, 23.295374
series/data1901/Pat28.rcp, 19, 4, -2, 60.000053
series/data1901/Pat29.rcp, 19, 4, 25, 11.169853
series/data1901/Pat0.rcp, 19, 8, 16, 0.009274
series/data1901/Pat1.rcp, 19, 8, 18, 0.009665
series/data1901/Pat2.rcp, 19, 8, 15, 0.007564
series/data1901/Pat3.rcp, 19, 8, 18, 0.008295
series/data1901/Pat4.rcp, 19, 8, 23, 0.008527
series/data1901/Pat5.rcp, 19, 8, 16, 0.008516
series/data1901/Pat6.rcp, 19, 8, 15, 0.008274
series/data1901/Pat7.rcp, 19, 8, 23, 0.011969
series/data1901/Pat8.rcp, 19, 8, 18, 0.009956
series/data1901/Pat9.rcp, 19, 8, 15, 0.006480
series/data1901/Pat10.rcp, 19, 8, 19, 0.007615
series/data1901/Pat11.rcp, 19, 8, 21, 0.011589
series/data1901/Pat12.rcp, 19, 8, 16, 0.007539
series/data1901/Pat13.rcp, 19, 8, 20, 0.011818
series/data1901/Pat14.rcp, 19, 8, 16, 0.008744
series/data1901/Pat15.rcp, 19, 8, 20, 0.007586
series/data1901/Pat16.rcp, 19, 8, 15, 0.008662
series/data1901/Pat17.rcp, 19, 8, 19, 0.012473
series/data1901/Pat18.rcp, 19, 8, 15, 0.008676
series/data1901/Pat19.rcp, 19, 8, 17, 0.008302
series/data1901/Pat20.rcp, 19, 8, 20, 0.010377
series/data1901/Pat21.rcp, 19, 8, 17, 0.009263
series/data1901/Pat22.rcp, 19, 8, 19, 0.008706
series/data1901/Pat23.rcp, 19, 8, 19, 0.010961
series/data1901/Pat24.rcp, 19, 8, 18, 0.008347
series/data1901/Pat25.rcp, 19, 8, 24, 0.010585
series/data1901/Pat26.rcp, 19, 8, 23, 0.011151
series/data1901/Pat27.rcp, 19, 8, 18, 0.009818
series/data1901/Pat28.rcp, 19, 8, 14, 0.007082
series/data1901/Pat29.rcp, 19, 8, 17, 0.007572
series/data1901/Pat0.rcp, 19, 16, 16, 0.009201
series/data1901/Pat1.rcp, 19, 16, 18, 0.009652
series/data1901/Pat2.rcp, 19, 16, 15, 0.008133
series/data1901/Pat3.rcp, 19, 16, 18, 0.009717
series/data1901/Pat4.rcp, 19, 16, 23, 0.008814
series/data1901/Pat5.rcp, 19, 16, 16, 0.008576
series/data1901/Pat6.rcp, 19, 16, 15, 0.007521
series/data1901/Pat7.rcp, 19, 16, 23, 0.012076
series/data1901/Pat8.rcp, 19, 16, 18, 0.010185
series/data1901/Pat9.rcp, 19, 16, 15, 0.006697
series/data1901/Pat10.rcp, 19, 16, 19, 0.007514
series/data1901/Pat11.rcp, 19, 16, 21, 0.012428
series/data1901/Pat12.rcp, 19, 16, 16, 0.007608
series/data1901/Pat13.rcp, 19, 16, 20, 0.011902
series/data1901/Pat14.rcp, 19, 16, 16, 0.008807
series/data1901/Pat15.rcp, 19, 16, 20, 0.006349
series/data1901/Pat16.rcp, 19, 16, 15, 0.008727
series/data1901/Pat17.rcp, 19, 16, 19, 0.012331
series/data1901/Pat18.rcp, 19, 16, 15, 0.008833
series/data1901/Pat19.rcp, 19, 16, 17, 0.008551
series/data1901/Pat20.rcp, 19, 16, 20, 0.010632
series/data1901/Pat21.rcp, 19, 16, 17, 0.009195
series/data1901/Pat22.rcp, 19, 16, 19, 0.008738
series/data1901/Pat23.rcp, 19, 16, 19, 0.011010
series/data1901/Pat24.rcp, 19, 16, 18, 0.007561
series/data1901/Pat25.rcp, 19, 16, 24, 0.010621
series/data1901/Pat26.rcp, 19, 16, 23, 0.011140
series/data1901/Pat27.rcp, 19, 16, 18, 0.009818
series/data1901/Pat28.rcp, 19, 16, 14, 0.007057
series/data1901/Pat29.rcp, 19, 16, 17, 0.007910
series/data2001/Pat0.rcp, 20, 4, -2, 60.000012
series/data2001/Pat1.rcp, 20, 4, 25, 0.013355
series/data2001/Pat2.rcp, 20, 4, 36, 33.723832
series/data2001/Pat3.rcp, 20, 4, 22, 0.010272
series/data2001/Pat4.rcp, 20, 4, -2, 60.000079
series/data2001/Pat5.rcp, 20, 4, 24, 0.036296
series/data2001/Pat6.rcp, 20, 4, 24, 0.037912
series/data2001/Pat7.rcp, 20, 4, -2, 60.000086
series/data2001/Pat8.rcp, 20, 4, -2, 60.000035
series/data2001/Pat9.rcp, 20, 4, 31, 0.014161
series/data2001/Pat10.rcp, 20, 4, -2, 60.000027
series/data2001/Pat11.rcp, 20, 4, 25, 0.014256
series/data2001/Pat12.rcp, 20, 4, 26, 31.558767
series/data2001/Pat13.rcp, 20, 4, -2, 60.000146
series/data2001/Pat14.rcp, 20, 4, 26, 0.042284
series/data2001/Pat15.rcp, 20, 4, -2, 60.000026
series/data2001/Pat16.rcp, 20, 4, -2, 60.000008
series/data2001/Pat17.rcp, 20, 4, -2, 60.000058
series/data2001/Pat18.rcp, 20, 4, -2, 60.000023
series/data2001/Pat19.rcp, 20, 4, 27, 0.037521
series/data2001/Pat20.rcp, 20, 4, 25, 0.014213
series/data2001/Pat21.rcp, 20, 4, 29, 0.013819
series/data2001/Pat22.rcp, 20, 4, 22, 1.223690
series/data2001/Pat23.rcp, 20, 4, 24, 0.333013
series/data2001/Pat24.rcp, 20, 4, -2, 60.000106
series/data2001/Pat25.rcp, 20, 4, -2, 60.000042
series/data2001/Pat26.rcp, 20, 4, -2, 60.000090
series/data2001/Pat27.rcp, 20, 4, 21, 0.014272
series/data2001/Pat28.rcp, 20, 4, -2, 60.000025
series/data2001/Pat29.rcp, 20, 4, 26, 3.359891
series/data2001/Pat0.rcp, 20, 8, 20, 0.012216
series/data2001/Pat1.rcp, 20, 8, 25, 0.012826
series/data2001/Pat2.rcp, 20, 8, 23, 0.012818
series/data2001/Pat3.rcp, 20, 8, 18, 0.009800
series/data2001/Pat4.rcp, 20, 8, 19, 0.015910
series/data2001/Pat5.rcp, 20, 8, 19, 0.014101
series/data2001/Pat6.rcp, 20, 8, 21, 0.012081
series/data2001/Pat7.rcp, 20, 8, 18, 0.014554
series/data2001/Pat8.rcp, 20, 8, 17, 0.009182
series/data2001/Pat9.rcp, 20, 8, 27, 0.013643
series/data2001/Pat10.rcp, 20, 8, 18, 0.013528
series/data2001/Pat11.rcp, 20, 8, 21, 0.011285
series/data2001/Pat12.rcp, 20, 8, 17, 0.008817
series/data2001/Pat13.rcp, 20, 8, 16, 0.009591
series/data2001/Pat14.rcp, 20, 8, 22, 0.014521
series/data2001/Pat15.rcp, 20, 8, 18, 0.012535
series/data2001/Pat16.rcp, 20, 8, 15, 0.010091
series/data2001/Pat17.rcp, 20, 8, 18, 0.011687
series/data2001/Pat18.rcp, 20, 8, 17, 0.010034
series/data2001/Pat19.rcp, 20, 8, 21, 0.015371
series/data2001/Pat20.rcp, 20, 8, 22, 0.013385
series/data2001/Pat21.rcp, 20, 8, 29, 0.012044
series/data2001/Pat22.rcp, 20, 8, 17, 0.009022
series/data2001/Pat23.rcp, 20, 8, 20, 0.012435
series/data2001/Pat24.rcp, 20, 8, 18, 0.009826
series/data2001/Pat25.rcp, 20, 8, 19, 0.012108
series/data2001/Pat26.rcp, 20, 8, 18, 0.009298
series/data2001/Pat27.rcp, 20, 8, 21, 0.014874
series/data2001/Pat28.rcp, 20, 8, 20, 0.010532
series/data2001/Pat29.rcp, 20, 8, 20, 0.011719
series/data2001/Pat0.rcp, 20, 16, 20, 0.011856
series/data2001/Pat1.rcp, 20, 16, 25, 0.012611
series/data2001/Pat2.rcp, 20, 16, 23, 0.012254
series/data2001/Pat3.rcp, 20, 16, 18, 0.009893
series/data2001/Pat4.rcp, 20, 16, 19, 0.015956
series/data2001/Pat5.rcp, 20, 16, 19, 0.014037
series/data2001/Pat6.rcp, 20, 16, 21, 0.013166
series/data2001/Pat7.rcp, 20, 16, 18, 0.014593
series/data2001/Pat8.rcp, 20, 16, 17, 0.010457
series/data2001/Pat9.rcp, 20, 16, 27, 0.013522
series/data2001/Pat10.rcp, 20, 16, 18, 0.013408
series/data2001/Pat11.rcp, 20, 16, 21, 0.011951
series/data2001/Pat12.rcp, 20, 16, 17, 0.008318
series/data2001/Pat13.rcp, 20, 16, 16, 0.009450
series/data2001/Pat14.rcp, 20, 16, 22, 0.014716
series/data2001/Pat15.rcp, 20, 16, 18, 0.012563
series/data2001/Pat16.rcp, 20, 16, 15, 0.010183
series/data2001/Pat17.rcp, 20, 16, 18, 0.012182
series/data2001/Pat18.rcp, 20, 16, 17, 0.011129
series/data2001/Pat19.rcp, 20, 16, 21, 0.015569
series/data2001/Pat20.rcp, 20, 16, 22, 0.013008
series/data2001/Pat21.rcp, 20, 16, 29, 0.012453
series/data2001/Pat22.rcp, 20, 16, 17, 0.009068
series/data2001/Pat23.rcp, 20, 16, 20, 0.012286
series/data2001/Pat24.rcp, 20, 16, 18, 0.009542
series/data2001/Pat25.rcp, 20, 16, 19, 0.012966
series/data2001/Pat26.rcp, 20, 16, 18, 0.011273
series/data2001/Pat27.rcp, 20, 16, 21, 0.014777
series/data2001/Pat28.rcp, 20, 16, 20, 0.010621
series/data2001/Pat29.rcp, 20, 16, 20, 0.011855
series/data2101/Pat0.rcp, 21, 4, -2, 60.000014
series/data2101/Pat1.rcp, 21, 4, 29, 1.530988
series/data2101/Pat2.rcp, 21, 4, -2, 60.000033
series/data2101/Pat3.rcp, 21, 4, 28, 0.025427
series/data2101/Pat4.rcp, 21, 4, -2, 60.000086
series/data2101/Pat5.rcp, 21, 4, 30, 16.518330
series/data2101/Pat6.rcp, 21, 4, 28, 0.020905
series/data2101/Pat7.rcp, 21, 4, -2, 60.000042
series/data2101/Pat8.rcp, 21, 4, -2, 60.000065
series/data2101/Pat9.rcp, 21, 4, 27, 0.186572
series/data2101/Pat10.rcp, 21, 4, -2, 60.000105
series/data2101/Pat11.rcp, 21, 4, 29, 44.174239
series/data2101/Pat12.rcp, 21, 4, -2, 60.000062
series/data2101/Pat13.rcp, 21, 4, -2, 60.000097
series/data2101/Pat14.rcp, 21, 4, -2, 60.000009
series/data2101/Pat15.rcp, 21, 4, 25, 25.521138
series/data2101/Pat16.rcp, 21, 4, -2, 60.000091
series/data2101/Pat17.rcp, 21, 4, -2, 60.000018
series/data2101/Pat18.rcp, 21, 4, 29, 45.541969
series/data2101/Pat19.rcp, 21, 4, -2, 60.000018
series/data2101/Pat20.rcp, 21, 4, -2, 60.000087
series/data2101/Pat21.rcp, 21, 4, -2, 60.000071
series/data2101/Pat22.rcp, 21, 4, -2, 60.000033
series/data2101/Pat23.rcp, 21, 4, -2, 60.000038
series/data2101/Pat24.rcp, 21, 4, 29, 17.800543
series/data2101/Pat25.rcp, 21, 4, -2, 60.000076
series/data2101/Pat26.rcp, 21, 4, -2, 60.000070
series/data2101/Pat27.rcp, 21, 4, 31, 36.645123
series/data2101/Pat28.rcp, 21, 4, -2, 60.000054
series/data2101/Pat29.rcp, 21, 4, -2, 60.000058
series/data2101/Pat0.rcp, 21, 8, 18, 0.015133
series/data2101/Pat1.rcp, 21, 8, 24, 0.018963
series/data2101/Pat2.rcp, 21, 8, 19, 0.015275
series/data2101/Pat3.rcp, 21, 8, 28, 0.024505
series/data2101/Pat4.rcp, 21, 8, 19, 0.011583
series/data2101/Pat5.rcp, 21, 8, 22, 0.015675
series/data2101/Pat6.rcp, 21, 8, 23, 0.019158
series/data2101/Pat7.rcp, 21, 8, 21, 0.015345
series/data2101/Pat8.rcp, 21, 8, 21, 0.018785
series/data2101/Pat9.rcp, 21, 8, 21, 0.014572
series/data2101/Pat10.rcp, 21, 8, 19, 0.012592
series/data2101/Pat11.rcp, 21, 8, 19, 0.015302
series/data2101/Pat12.rcp, 21, 8, 19, 0.013281
series/data2101/Pat13.rcp, 21, 8, 16, 0.011644
series/data2101/Pat14.rcp, 21, 8, 18, 0.013855
series/data2101/Pat15.rcp, 21, 8, 19, 0.014559
series/data2101/Pat16.rcp, 21, 8, 20, 0.016802
series/data2101/Pat17.rcp, 21, 8, 18, 0.014786
series/data2101/Pat18.rcp, 21, 8, 20, 0.013700
series/data2101/Pat19.rcp, 21, 8, 18, 0.016446
series/data2101/Pat20.rcp, 21, 8, 22, 0.016824
series/data2101/Pat21.rcp, 21, 8, 17, 0.014122
series/data2101/Pat22.rcp, 21, 8, 20, 0.014126
series/data2101/Pat23.rcp, 21, 8, 18, 0.010276
series/data2101/Pat24.rcp, 21, 8, 21, 0.014646
series/data2101/Pat25.rcp, 21, 8, 18, 0.013734
series/data2101/Pat26.rcp, 21, 8, 23, 0.014371
series/data2101/Pat27.rcp, 21, 8, 24, 0.013726
series/data2101/Pat28.rcp, 21, 8, 19, 0.015292
series/data2101/Pat29.rcp, 21, 8, 17, 0.013027
series/data2101/Pat0.rcp, 21, 16, 18, 0.014785
series/data2101/Pat1.rcp, 21, 16, 24, 0.019076
series/data2101/Pat2.rcp, 21, 16, 19, 0.014100
series/data2101/Pat3.rcp, 21, 16, 28, 0.024754
series/data2101/Pat4.rcp, 21, 16, 19, 0.012595
series/data2101/Pat5.rcp, 21, 16, 22, 0.016903
series/data2101/Pat6.rcp, 21, 16, 23, 0.022587
series/data2101/Pat7.rcp, 21, 16, 21, 0.015626
series/data2101/Pat8.rcp, 21, 16, 21, 0.017492
series/data2101/Pat9.rcp, 21, 16, 21, 0.014465
series/data2101/Pat10.rcp, 21, 16, 19, 0.012282
series/data2101/Pat11.rcp, 21, 16, 19, 0.015543
series/data2101/Pat12.rcp, 21, 16, 19, 0.013661
series/data2101/Pat13.rcp, 21, 16, 16, 0.012355
series/data2101/Pat14.rcp, 21, 16, 18, 0.013176
series/data2101/Pat15.rcp, 21, 16, 19, 0.015214
series/data2101/Pat16.rcp, 21, 16, 20, 0.017009
series/data2101/Pat17.rcp, 21, 16, 18, 0.015096
series/data2101/Pat18.rcp, 21, 16, 20, 0.014070
series/data2101/Pat19.rcp, 21, 16, 18, 0.017255
series/data2101/Pat20.rcp, 21, 16, 22, 0.016260
series/data2101/Pat21.rcp, 21, 16, 17, 0.014091
series/data2101/Pat22.rcp, 21, 16, 20, 0.013545
series/data2101/Pat23.rcp, 21, 16, 18, 0.009158
series/data2101/Pat24.rcp, 21, 16, 21, 0.014381
series/data2101/Pat25.rcp, 21, 16, 18, 0.015092
series/data2101/Pat26.rcp, 21, 16, 23, 0.013670
series/data2101/Pat27.rcp, 21, 16, 24, 0.013521
series/data2101/Pat28.rcp, 21, 16, 19, 0.015329
series/data2101/Pat29.rcp, 21, 16, 17, 0.012910
series/data2201/Pat0.rcp, 22, 4, 35, 4.531187
series/data2201/Pat1.rcp, 22, 4, -2, 60.000077
series/data2201/Pat2.rcp, 22, 4, -2, 60.000067
series/data2201/Pat3.rcp, 22, 4, -2, 60.000034
series/data2201/Pat4.rcp, 22, 4, -2, 60.000035
series/data2201/Pat5.rcp, 22, 4, -2, 60.000030
series/data2201/Pat6.rcp, 22, 4, -2, 60.000117
series/data2201/Pat7.rcp, 22, 4, -2, 60.000071
series/data2201/Pat8.rcp, 22, 4, -2, 60.000099
series/data2201/Pat9.rcp, 22, 4, -2, 60.000031
series/data2201/Pat10.rcp, 22, 4, -2, 60.000089
series/data2201/Pat11.rcp, 22, 4, -2, 60.000021
series/data2201/Pat12.rcp, 22, 4, -2, 60.000016
series/data2201/Pat13.rcp, 22, 4, -2, 60.000062
series/data2201/Pat14.rcp, 22, 4, -2, 60.000076
series/data2201/Pat15.rcp, 22, 4, -2, 60.000082
series/data2201/Pat16.rcp, 22, 4, -2, 60.000038
series/data2201/Pat17.rcp, 22, 4, -2, 60.000086
series/data2201/Pat18.rcp, 22, 4, -2, 60.000044
series/data2201/Pat19.rcp, 22, 4, 26, 0.019107
series/data2201/Pat20.rcp, 22, 4, -2, 60.000014
series/data2201/Pat21.rcp, 22, 4, -2, 60.000014
series/data2201/Pat22.rcp, 22, 4, 31, 16.948000
series/data2201/Pat23.rcp, 22, 4, -2, 60.000053
series/data2201/Pat24.rcp, 22, 4, -2, 60.000100
series/data2201/Pat25.rcp, 22, 4, -2, 60.000107
series/data2201/Pat26.rcp, 22, 4, -2, 60.000098
series/data2201/Pat27.rcp, 22, 4, -2, 60.000098
series/data2201/Pat28.rcp, 22, 4, 29, 18.424154
series/data2201/Pat29.rcp, 22, 4, 33, 20.193840
series/data2201/Pat0.rcp, 22, 8, 24, 0.021649
series/data2201/Pat1.rcp, 22, 8, 19, 0.012463
series/data2201/Pat2.rcp, 22, 8, 17, 0.013981
series/data2201/Pat3.rcp, 22, 8, 16, 0.011930
series/data2201/Pat4.rcp, 22, 8, 19, 0.016775
series/data2201/Pat5.rcp, 22, 8, 25, 0.021741
series/data2201/Pat6.rcp, 22, 8, -2, 60.000011
series/data2201/Pat7.rcp, 22, 8, 20, 0.012585
series/data2201/Pat8.rcp, 22, 8, 21, 0.018071
series/data2201/Pat9.rcp, 22, 8, 17, 0.014808
series/data2201/Pat10.rcp, 22, 8, 19, 0.015632
series/data2201/Pat11.rcp, 22, 8, 19, 0.016447
series/data2201/Pat12.rcp, 22, 8, 21, 0.014642
series/data2201/Pat13.rcp, 22, 8, 23, 0.014751
series/data2201/Pat14.rcp, 22, 8, 16, 0.014714
series/data2201/Pat15.rcp, 22, 8, 17, 0.013519
series/data2201/Pat16.rcp, 22, 8, 19, 0.016401
series/data2201/Pat17.rcp, 22, 8, 16, 0.013632
series/data2201/Pat18.rcp, 22, 8, 20, 0.018300
series/data2201/Pat19.rcp, 22, 8, 26, 0.019606
series/data2201/Pat20.rcp, 22, 8, 17, 0.015719
series/data2201/Pat21.rcp, 22, 8, 20, 0.016343
series/data2201/Pat22.rcp, 22, 8, 23, 0.017052
series/data2201/Pat23.rcp, 22, 8, 16, 0.014893
series/data2201/Pat24.rcp, 22, 8, 22, 0.017447
series/data2201/Pat25.rcp, 22, 8, 19, 0.018087
series/data2201/Pat26.rcp, 22, 8, 20, 0.019684
series/data2201/Pat27.rcp, 22, 8, 19, 0.015430
series/data2201/Pat28.rcp, 22, 8, 25, 0.018599
series/data2201/Pat29.rcp, 22, 8, 24, 0.017634
series/data2201/Pat0.rcp, 22, 16, 24, 0.021999
series/data2201/Pat1.rcp, 22, 16, 19, 0.012838
series/data2201/Pat2.rcp, 22, 16, 17, 0.013754
series/data2201/Pat3.rcp, 22, 16, 16, 0.011755
series/data2201/Pat4.rcp, 22, 16, 19, 0.017147
series/data2201/Pat5.rcp, 22, 16, 25, 0.021587
series/data2201/Pat6.rcp, 22, 16, 14, 0.011693
series/data2201/Pat7.rcp, 22, 16, 20, 0.012692
series/data2201/Pat8.rcp, 22, 16, 21, 0.017864
series/data2201/Pat9.rcp, 22, 16, 17, 0.013984
series/data2201/Pat10.rcp, 22, 16, 19, 0.015554
series/data2201/Pat11.rcp, 22, 16, 19, 0.017053
series/data2201/Pat12.rcp, 22, 16, 21, 0.014563
series/data2201/Pat13.rcp, 22, 16, 23, 0.015087
series/data2201/Pat14.rcp, 22, 16, 16, 0.014416
series/data2201/Pat15.rcp, 22, 16, 17, 0.012671
series/data2201/Pat16.rcp, 22, 16, 19, 0.016654
series/data2201/Pat17.rcp, 22, 16, 16, 0.013211
series/data2201/Pat18.rcp, 22, 16, 20, 0.018301
series/data2201/Pat19.rcp, 22, 16, 26, 0.020928
series/data2201/Pat20.rcp, 22, 16, 17, 0.015103
series/data2201/Pat21.rcp, 22, 16, 20, 0.016206
series/data2201/Pat22.rcp, 22, 16, 23, 0.016960
series/data2201/Pat23.rcp, 22, 16, 16, 0.015219
series/data2201/Pat24.rcp, 22, 16, 22, 0.017936
series/data2201/Pat25.rcp, 22, 16, 19, 0.018177
series/data2201/Pat26.rcp, 22, 16, 20, 0.019424
series/data2201/Pat27.rcp, 22, 16, 19, 0.014977
series/data2201/Pat28.rcp, 22, 16, 25, 0.018937
series/data2201/Pat29.rcp, 22, 16, 24, 0.017013
series/data2301/Pat0.rcp, 23, 4, -2, 60.000018
series/data2301/Pat1.rcp, 23, 4, -2, 60.000092
series/data2301/Pat2.rcp, 23, 4, -2, 60.000125
series/data2301/Pat3.rcp, 23, 4, -2, 60.000111
series/data2301/Pat4.rcp, 23, 4, -2, 60.000033
series/data2301/Pat5.rcp, 23, 4, -2, 60.000032
series/data2301/Pat6.rcp, 23, 4, -2, 60.000011
series/data2301/Pat7.rcp, 23, 4, -2, 60.000062
series/data2301/Pat8.rcp, 23, 4, 28, 0.047613
series/data2301/Pat9.rcp, 23, 4, -2, 60.000123
series/data2301/Pat10.rcp, 23, 4, -2, 60.000082
series/data2301/Pat11.rcp, 23, 4, -2, 60.000035
series/data2301/Pat12.rcp, 23, 4, 31, 26.487518
series/data2301/Pat13.rcp, 23, 4, -2, 60.000109
series/data2301/Pat14.rcp, 23, 4, -2, 60.000081
series/data2301/Pat15.rcp, 23, 4, -2, 60.000085
series/data2301/Pat16.rcp, 23, 4, -2, 60.000037
series/data2301/Pat17.rcp, 23, 4, 32, 12.767535
series/data2301/Pat18.rcp, 23, 4, -2, 60.000033
series/data2301/Pat19.rcp, 23, 4, -2, 60.000016
series/data2301/Pat20.rcp, 23, 4, -2, 60.000086
series/data2301/Pat21.rcp, 23, 4, 32, 0.656792
series/data2301/Pat22.rcp, 23, 4, 33, 1.377321
series/data2301/Pat23.rcp, 23, 4, -2, 60.000025
series/data2301/Pat24.rcp, 23, 4, -2, 60.000086
series/data2301/Pat25.rcp, 23, 4, -2, 60.000118
series/data2301/Pat26.rcp, 23, 4, -2, 60.000048
series/data2301/Pat27.rcp, 23, 4, 33, 5.488976
series/data2301/Pat28.rcp, 23, 4, -2, 60.000009
series/data2301/Pat29.rcp, 23, 4, -2, 60.000121
series/data2301/Pat0.rcp, 23, 8, 19, 0.019174
series/data2301/Pat1.rcp, 23, 8, 19, 0.018465
series/data2301/Pat2.rcp, 23, 8, 21, 0.025111
series/data2301/Pat3.rcp, 23, 8, 19, 0.019502
series/data2301/Pat4.rcp, 23, 8, 18, 0.017259
series/data2301/Pat5.rcp, 23, 8, 18, 0.017349
series/data2301/Pat6.rcp, 23, 8, 18, 0.015905
series/data2301/Pat7.rcp, 23, 8, 16, 0.013042
series/data2301/Pat8.rcp, 23, 8, 20, 0.017506
series/data2301/Pat9.rcp, 23, 8, 23, 0.017792
series/data2301/Pat10.rcp, 23, 8, 19, 0.017481
series/data2301/Pat11.rcp, 23, 8, 20, 0.016385
series/data2301/Pat12.rcp, 23, 8, 25, 0.022713
series/data2301/Pat13.rcp, 23, 8, 18, 0.017667
series/data2301/Pat14.rcp, 23, 8, 22, 0.023797
series/data2301/Pat15.rcp, 23, 8, 21, 0.020986
series/data2301/Pat16.rcp, 23, 8, 18, 0.012022
series/data2301/Pat17.rcp, 23, 8, 24, 0.021812
series/data2301/Pat18.rcp, 23, 8, 19, 0.019374
series/data2301/Pat19.rcp, 23, 8, 19, 0.019167
series/data2301/Pat20.rcp, 23, 8, 20, 0.019513
series/data2301/Pat21.rcp, 23, 8, 24, 0.026518
series/data2301/Pat22.rcp, 23, 8, 24, 0.029060
series/data2301/Pat23.rcp, 23, 8, 17, 0.019633
series/data2301/Pat24.rcp, 23, 8, 22, 0.026172
series/data2301/Pat25.rcp, 23, 8, 25, 0.024182
series/data2301/Pat26.rcp, 23, 8, 22, 0.020231
series/data2301/Pat27.rcp, 23, 8, 24, 0.021794
series/data2301/Pat28.rcp, 23, 8, -2, 60.000044
series/data2301/Pat29.rcp, 23, 8, 18, 0.015978
series/data2301/Pat0.rcp, 23, 16, 19, 0.018916
series/data2301/Pat1.rcp, 23, 16, 19, 0.018598
series/data2301/Pat2.rcp, 23, 16, 21, 0.024760
series/data2301/Pat3.rcp, 23, 16, 19, 0.019463
series/data2301/Pat4.rcp, 23, 16, 18, 0.016364
series/data2301/Pat5.rcp, 23, 16, 18, 0.017931
series/data2301/Pat6.rcp, 23, 16, 18, 0.016728
series/data2301/Pat7.rcp, 23, 16, 16, 0.013538
series/data2301/Pat8.rcp, 23, 16, 20, 0.016821
series/data2301/Pat9.rcp, 23, 16, 23, 0.018597
series/data2301/Pat10.rcp, 23, 16, 19, 0.017311
series/data2301/Pat11.rcp, 23, 16, 20, 0.017328
series/data2301/Pat12.rcp, 23, 16, 25, 0.021013
series/data2301/Pat13.rcp, 23, 16, 18, 0.017732
series/data2301/Pat14.rcp, 23, 16, 22, 0.022305
series/data2301/Pat15.rcp, 23, 16, 21, 0.019947
series/data2301/Pat16.rcp, 23, 16, 18, 0.012354
series/data2301/Pat17.rcp, 23, 16, 24, 0.022045
series/data2301/Pat18.rcp, 23, 16, 19, 0.022456
series/data2301/Pat19.rcp, 23, 16, 19, 0.021440
series/data2301/Pat20.rcp, 23, 16, 20, 0.018282
series/data2301/Pat21.rcp, 23, 16, 24, 0.026065
series/data2301/Pat22.rcp, 23, 16, 24, 0.025657
series/data2301/Pat23.rcp, 23, 16, 17, 0.019880
series/data2301/Pat24.rcp, 23, 16, 22, 0.026923
series/data2301/Pat25.rcp, 23, 16, 25, 0.023829
series/data2301/Pat26.rcp, 23, 16, 22, 0.020367
series/data2301/Pat27.rcp, 23, 16, 24, 0.022128
series/data2301/Pat28.rcp, 23, 16, 18, 0.014935
series/data2301/Pat29.rcp, 23, 16, 18, 0.015129
series/data2401/Pat0.rcp, 24, 8, 16, 0.017864
series/data2401/Pat1.rcp, 24, 8, 22, 0.026120
series/data2401/Pat2.rcp, 24, 8, 20, 0.020870
series/data2401/Pat3.rcp, 24, 8, 21, 0.029657
series/data2401/Pat4.rcp, 24, 8, 22, 0.024904
series/data2401/Pat5.rcp, 24, 8, 22, 0.027343
series/data2401/Pat6.rcp, 24, 8, 19, 0.020184
series/data2401/Pat7.rcp, 24, 8, 16, 0.015730
series/data2401/Pat8.rcp, 24, 8, 23, 0.025358
series/data2401/Pat9.rcp, 24, 8, 25, 0.031781
series/data2401/Pat10.rcp, 24, 8, 16, 0.018598
series/data2401/Pat11.rcp, 24, 8, 21, 0.022717
series/data2401/Pat12.rcp, 24, 8, 23, 0.022888
series/data2401/Pat13.rcp, 24, 8, 17, 0.017008
series/data2401/Pat14.rcp, 24, 8, 25, 0.026855
series/data2401/Pat15.rcp, 24, 8, 21, 0.024217
series/data2401/Pat16.rcp, 24, 8, 23, 0.027981
series/data2401/Pat17.rcp, 24, 8, 20, 0.024778
series/data2401/Pat18.rcp, 24, 8, -2, 60.000051
series/data2401/Pat19.rcp, 24, 8, 19, 0.020987
series/data2401/Pat20.rcp, 24, 8, 17, 0.019793
series/data2401/Pat21.rcp, 24, 8, 22, 0.022723
series/data2401/Pat22.rcp, 24, 8, 18, 0.019145
series/data2401/Pat23.rcp, 24, 8, 18, 0.021224
series/data2401/Pat24.rcp, 24, 8, 17, 0.020998
series/data2401/Pat25.rcp, 24, 8, 19, 0.018430
series/data2401/Pat26.rcp, 24, 8, 20, 0.019107
series/data2401/Pat27.rcp, 24, 8, 21, 0.024419
series/data2401/Pat28.rcp, 24, 8, 19, 0.021244
series/data2401/Pat29.rcp, 24, 8, 26, 0.025986
series/data2401/Pat0.rcp, 24, 16, 16, 0.018257
series/data2401/Pat1.rcp, 24, 16, 22, 0.025491
series/data2401/Pat2.rcp, 24, 16, 20, 0.021132
series/data2401/Pat3.rcp, 24, 16, 21, 0.030162
series/data2401/Pat4.rcp, 24, 16, 22, 0.024888
series/data2401/Pat5.rcp, 24, 16, 22, 0.027313
series/data2401/Pat6.rcp, 24, 16, 19, 0.021243
series/data2401/Pat7.rcp, 24, 16, 16, 0.016252
series/data2401/Pat8.rcp, 24, 16, 23, 0.026123
series/data2401/Pat9.rcp, 24, 16, 25, 0.031860
series/data2401/Pat10.rcp, 24, 16, 16, 0.019145
series/data2401/Pat11.rcp, 24, 16, 21, 0.022005
series/data2401/Pat12.rcp, 24, 16, 23, 0.023480
series/data2401/Pat13.rcp, 24, 16, 17, 0.017889
series/data2401/Pat14.rcp, 24, 16, 25, 0.027009
series/data2401/Pat15.rcp, 24, 16, 21, 0.024190
series/data2401/Pat16.rcp, 24, 16, 23, 0.033278
series/data2401/Pat17.rcp, 24, 16, 20, 0.022317
series/data2401/Pat18.rcp, 24, 16, 14, 0.013961
series/data2401/Pat19.rcp, 24, 16, 19, 0.021441
series/data2401/Pat20.rcp, 24, 16, 17, 0.019470
series/data2401/Pat21.rcp, 24, 16, 22, 0.023091
series/data2401/Pat22.rcp, 24, 16, 18, 0.019454
series/data2401/Pat23.rcp, 24, 16, 18, 0.022433
series/data2401/Pat24.rcp, 24, 16, 17, 0.019727
series/data2401/Pat25.rcp, 24, 16, 19, 0.017520
series/data2401/Pat26.rcp, 24, 16, 20, 0.018917
series/data2401/Pat27.rcp, 24, 16, 21, 0.023278
series/data2401/Pat28.rcp, 24, 16, 19, 0.021706
series/data2401/Pat29.rcp, 24, 16, 26, 0.025589
series/data2501/Pat0.rcp, 25, 8, -2, 60.000011
series/data2501/Pat1.rcp, 25, 8, 21, 25.055435
series/data2501/Pat2.rcp, 25, 8, 24, 0.030849
series/data2501/Pat3.rcp, 25, 8, 23, 0.032642
series/data2501/Pat4.rcp, 25, 8, 21, 0.027427
series/data2501/Pat5.rcp, 25, 8, 19, 0.030051
series/data2501/Pat6.rcp, 25, 8, 20, 0.020989
series/data2501/Pat7.rcp, 25, 8, 20, 0.025812
series/data2501/Pat8.rcp, 25, 8, 20, 0.027355
series/data2501/Pat9.rcp, 25, 8, 21, 0.027515
series/data2501/Pat10.rcp, 25, 8, 19, 0.025292
series/data2501/Pat11.rcp, 25, 8, 22, 0.029784
series/data2501/Pat12.rcp, 25, 8, 18, 0.019982
series/data2501/Pat13.rcp, 25, 8, 25, 0.032357
series/data2501/Pat14.rcp, 25, 8, 16, 0.027176
series/data2501/Pat15.rcp, 25, 8, 19, 0.028915
series/data2501/Pat16.rcp, 25, 8, 19, 0.027185
series/data2501/Pat17.rcp, 25, 8, 19, 0.022137
series/data2501/Pat18.rcp, 25, 8, 18, 0.021360
series/data2501/Pat19.rcp, 25, 8, 22, 0.028328
series/data2501/Pat20.rcp, 25, 8, 21, 0.031895
series/data2501/Pat21.rcp, 25, 8, 17, 56.641782
series/data2501/Pat22.rcp, 25, 8, 34, 0.033632
series/data2501/Pat23.rcp, 25, 8, 17, 0.032207
series/data2501/Pat24.rcp, 25, 8, 19, 0.027426
series/data2501/Pat25.rcp, 25, 8, 21, 0.033749
series/data2501/Pat26.rcp, 25, 8, 23, 0.031776
series/data2501/Pat27.rcp, 25, 8, 23, 0.026102
series/data2501/Pat28.rcp, 25, 8, 18, 0.023181
series/data2501/Pat29.rcp, 25, 8, 23, 0.033060
series/data2501/Pat0.rcp, 25, 16, 17, 0.023179
series/data2501/Pat1.rcp, 25, 16, 19, 0.025949
series/data2501/Pat2.rcp, 25, 16, 24, 0.028849
series/data2501/Pat3.rcp, 25, 16, 23, 0.032153
series/data2501/Pat4.rcp, 25, 16, 21, 0.026679
series/data2501/Pat5.rcp, 25, 16, 19, 0.028535
series/data2501/Pat6.rcp, 25, 16, 20, 0.018254
series/data2501/Pat7.rcp, 25, 16, 20, 0.025704
series/data2501/Pat8.rcp, 25, 16, 20, 0.026895
series/data2501/Pat9.rcp, 25, 16, 21, 0.027207
series/data2501/Pat10.rcp, 25, 16, 19, 0.024583
series/data2501/Pat11.rcp, 25, 16, 22, 0.029093
series/data2501/Pat12.rcp, 25, 16, 16, 0.022373
series/data2501/Pat13.rcp, 25, 16, 25, 0.031534
series/data2501/Pat14.rcp, 25, 16, 16, 0.022835
series/data2501/Pat15.rcp, 25, 16, 19, 0.026128
series/data2501/Pat16.rcp, 25, 16, 19, 0.025006
series/data2501/Pat17.rcp, 25, 16, 19, 0.022532
series/data2501/Pat18.rcp, 25, 16, 18, 0.022460
series/data2501/Pat19.rcp, 25, 16, 22, 0.028218
series/data2501/Pat20.rcp, 25, 16, 21, 0.031100
series/data2501/Pat21.rcp, 25, 16, 17, 0.022988
series/data2501/Pat22.rcp, 25, 16, 34, 0.030141
series/data2501/Pat23.rcp, 25, 16, 17, 0.024667
series/data2501/Pat24.rcp, 25, 16, 19, 0.028182
series/data2501/Pat25.rcp, 25, 16, 21, 0.033164
series/data2501/Pat26.rcp, 25, 16, 23, 0.033036
series/data2501/Pat27.rcp, 25, 16, 23, 0.025956
series/data2501/Pat28.rcp, 25, 16, 18, 0.021851
series/data2501/Pat29.rcp, 25, 16, 23, 0.033061
