data100/Pat0.rcp, 100, 12, 53, 1.484895, Fujita
data100/Pat1.rcp, 100, 12, 51, 1.557731, Fujita
data100/Pat2.rcp, 100, 12, 56, 1.093782, Fujita
data100/Pat3.rcp, 100, 12, 59, 1.252521, Fujita
data100/Pat4.rcp, 100, 12, 51, 1.039606, Fujita
data100/Pat5.rcp, 100, 12, 52, 0.831004, Fujita
data100/Pat6.rcp, 100, 12, 60, 1.646801, Fujita
data100/Pat7.rcp, 100, 12, 50, 0.543319, Fujita
data100/Pat8.rcp, 100, 12, 53, 1.825903, Fujita
data100/Pat9.rcp, 100, 12, 59, 1.491451, Fujita
data100/Pat10.rcp, 100, 12, 56, 0.827322, Fujita
data100/Pat11.rcp, 100, 12, 65, 1.660685, Fujita
data100/Pat12.rcp, 100, 12, 54, 0.577327, Fujita
data100/Pat13.rcp, 100, 12, 51, 1.289487, Fujita
data100/Pat14.rcp, 100, 12, 46, 0.862732, Fujita
data100/Pat15.rcp, 100, 12, 56, 1.342328, Fujita
data100/Pat16.rcp, 100, 12, 58, 1.161538, Fujita
data100/Pat17.rcp, 100, 12, 59, 1.300069, Fujita
data100/Pat18.rcp, 100, 12, 52, 0.818734, Fujita
data100/Pat19.rcp, 100, 12, 50, 0.746235, Fujita
data100/Pat20.rcp, 100, 12, 57, 1.308550, Fujita
data100/Pat21.rcp, 100, 12, 57, 1.849060, Fujita
data100/Pat22.rcp, 100, 12, 59, 0.743277, Fujita
data100/Pat23.rcp, 100, 12, 59, 1.841335, Fujita
data100/Pat24.rcp, 100, 12, 60, 0.981339, Fujita
data100/Pat25.rcp, 100, 12, 55, 0.830807, Fujita
data100/Pat26.rcp, 100, 12, 52, 1.128868, Fujita
data100/Pat27.rcp, 100, 12, 52, 0.481097, Fujita
data100/Pat28.rcp, 100, 12, 54, 1.722456, Fujita
data100/Pat29.rcp, 100, 12, 59, 1.429359, Fujita
data100/Pat30.rcp, 100, 12, 53, 0.633623, Fujita
data100/Pat31.rcp, 100, 12, 47, 1.108778, Fujita
data100/Pat32.rcp, 100, 12, 57, 0.764964, Fujita
data100/Pat33.rcp, 100, 12, 52, 0.640788, Fujita
data100/Pat34.rcp, 100, 12, 51, 0.983433, Fujita
data100/Pat35.rcp, 100, 12, 57, 1.026772, Fujita
data100/Pat36.rcp, 100, 12, 48, 0.609476, Fujita
data100/Pat37.rcp, 100, 12, 57, 0.534858, Fujita
data100/Pat38.rcp, 100, 12, 60, 0.749830, Fujita
data100/Pat39.rcp, 100, 12, 60, 1.802258, Fujita
data100/Pat40.rcp, 100, 12, 62, 0.800330, Fujita
data100/Pat41.rcp, 100, 12, 48, 0.980683, Fujita
data100/Pat42.rcp, 100, 12, 46, 0.841063, Fujita
data100/Pat43.rcp, 100, 12, 56, 0.735399, Fujita
data100/Pat44.rcp, 100, 12, 59, 0.744676, Fujita
data100/Pat45.rcp, 100, 12, 51, 0.449424, Fujita
data100/Pat46.rcp, 100, 12, 51, 0.781099, Fujita
data100/Pat47.rcp, 100, 12, 55, 0.969745, Fujita
data100/Pat48.rcp, 100, 12, 60, 0.548679, Fujita
data100/Pat49.rcp, 100, 12, 57, 1.440120, Fujita
data100/Pat0.rcp, 100, 16, 53, 0.501444, Fujita
data100/Pat1.rcp, 100, 16, 51, 0.638131, Fujita
data100/Pat2.rcp, 100, 16, 56, 0.517212, Fujita
data100/Pat3.rcp, 100, 16, 59, 0.558732, Fujita
data100/Pat4.rcp, 100, 16, 51, 0.585233, Fujita
data100/Pat5.rcp, 100, 16, 52, 0.499961, Fujita
data100/Pat6.rcp, 100, 16, 60, 0.553483, Fujita
data100/Pat7.rcp, 100, 16, 50, 1.214775, Fujita
data100/Pat8.rcp, 100, 16, 53, 1.172094, Fujita
data100/Pat9.rcp, 100, 16, 59, 0.567704, Fujita
data100/Pat10.rcp, 100, 16, 56, 0.510854, Fujita
data100/Pat11.rcp, 100, 16, 65, 0.600815, Fujita
data100/Pat12.rcp, 100, 16, 54, 0.671798, Fujita
data100/Pat13.rcp, 100, 16, 51, 0.440744, Fujita
data100/Pat14.rcp, 100, 16, 46, 0.466063, Fujita
data100/Pat15.rcp, 100, 16, 56, 0.536045, Fujita
data100/Pat16.rcp, 100, 16, 58, 0.521523, Fujita
data100/Pat17.rcp, 100, 16, 59, 0.515242, Fujita
data100/Pat18.rcp, 100, 16, 52, 0.450489, Fujita
data100/Pat19.rcp, 100, 16, 50, 0.612634, Fujita
data100/Pat20.rcp, 100, 16, 57, 0.651346, Fujita
data100/Pat21.rcp, 100, 16, 57, 0.774092, Fujita
data100/Pat22.rcp, 100, 16, 59, 0.517950, Fujita
data100/Pat23.rcp, 100, 16, 59, 0.506086, Fujita
data100/Pat24.rcp, 100, 16, 60, 0.513616, Fujita
data100/Pat25.rcp, 100, 16, 55, 0.601168, Fujita
data100/Pat26.rcp, 100, 16, 52, 0.485389, Fujita
data100/Pat27.rcp, 100, 16, 52, 0.543222, Fujita
data100/Pat28.rcp, 100, 16, 54, 0.535775, Fujita
data100/Pat29.rcp, 100, 16, 59, 0.766255, Fujita
data100/Pat30.rcp, 100, 16, 53, 0.570613, Fujita
data100/Pat31.rcp, 100, 16, 47, 0.430116, Fujita
data100/Pat32.rcp, 100, 16, 57, 0.722788, Fujita
data100/Pat33.rcp, 100, 16, 52, 0.426759, Fujita
data100/Pat34.rcp, 100, 16, 51, 0.466325, Fujita
data100/Pat35.rcp, 100, 16, 57, 0.632329, Fujita
data100/Pat36.rcp, 100, 16, 48, 0.416337, Fujita
data100/Pat37.rcp, 100, 16, 57, 0.509076, Fujita
data100/Pat38.rcp, 100, 16, 60, 0.991756, Fujita
data100/Pat39.rcp, 100, 16, 60, 1.469925, Fujita
data100/Pat40.rcp, 100, 16, 62, 0.573050, Fujita
data100/Pat41.rcp, 100, 16, 47, 1.168380, Fujita
data100/Pat42.rcp, 100, 16, 46, 0.407332, Fujita
data100/Pat43.rcp, 100, 16, 56, 0.432422, Fujita
data100/Pat44.rcp, 100, 16, 59, 0.516606, Fujita
data100/Pat45.rcp, 100, 16, 51, 0.433614, Fujita
data100/Pat46.rcp, 100, 16, 51, 0.527397, Fujita
data100/Pat47.rcp, 100, 16, 55, 0.830382, Fujita
data100/Pat48.rcp, 100, 16, 60, 0.554251, Fujita
data100/Pat49.rcp, 100, 16, 57, 0.555182, Fujita
data100/Pat0.rcp, 100, 20, 53, 0.483303, Fujita
data100/Pat1.rcp, 100, 20, 51, 0.448700, Fujita
data100/Pat2.rcp, 100, 20, 56, 0.512421, Fujita
data100/Pat3.rcp, 100, 20, 59, 0.543466, Fujita
data100/Pat4.rcp, 100, 20, 51, 0.417448, Fujita
data100/Pat5.rcp, 100, 20, 52, 0.498562, Fujita
data100/Pat6.rcp, 100, 20, 60, 0.549513, Fujita
data100/Pat7.rcp, 100, 20, 50, 0.398375, Fujita
data100/Pat8.rcp, 100, 20, 53, 0.498036, Fujita
data100/Pat9.rcp, 100, 20, 59, 0.588891, Fujita
data100/Pat10.rcp, 100, 20, 56, 0.506569, Fujita
data100/Pat11.rcp, 100, 20, 65, 0.585217, Fujita
data100/Pat12.rcp, 100, 20, 54, 0.417556, Fujita
data100/Pat13.rcp, 100, 20, 51, 0.457922, Fujita
data100/Pat14.rcp, 100, 20, 46, 0.426935, Fujita
data100/Pat15.rcp, 100, 20, 56, 0.533992, Fujita
data100/Pat16.rcp, 100, 20, 58, 0.520242, Fujita
data100/Pat17.rcp, 100, 20, 59, 0.530139, Fujita
data100/Pat18.rcp, 100, 20, 52, 0.452593, Fujita
data100/Pat19.rcp, 100, 20, 50, 0.435167, Fujita
data100/Pat20.rcp, 100, 20, 57, 0.492762, Fujita
data100/Pat21.rcp, 100, 20, 57, 0.504783, Fujita
data100/Pat22.rcp, 100, 20, 59, 0.541615, Fujita
data100/Pat23.rcp, 100, 20, 59, 0.541764, Fujita
data100/Pat24.rcp, 100, 20, 60, 0.540722, Fujita
data100/Pat25.rcp, 100, 20, 55, 0.534398, Fujita
data100/Pat26.rcp, 100, 20, 52, 0.523221, Fujita
data100/Pat27.rcp, 100, 20, 52, 0.487418, Fujita
data100/Pat28.rcp, 100, 20, 54, 0.486955, Fujita
data100/Pat29.rcp, 100, 20, 59, 0.566353, Fujita
data100/Pat30.rcp, 100, 20, 53, 0.531698, Fujita
data100/Pat31.rcp, 100, 20, 47, 0.464098, Fujita
data100/Pat32.rcp, 100, 20, 57, 0.524444, Fujita
data100/Pat33.rcp, 100, 20, 52, 0.468983, Fujita
data100/Pat34.rcp, 100, 20, 51, 0.508062, Fujita
data100/Pat35.rcp, 100, 20, 57, 0.528038, Fujita
data100/Pat36.rcp, 100, 20, 48, 0.445848, Fujita
data100/Pat37.rcp, 100, 20, 57, 0.530260, Fujita
data100/Pat38.rcp, 100, 20, 60, 0.564682, Fujita
data100/Pat39.rcp, 100, 20, 60, 0.548105, Fujita
data100/Pat40.rcp, 100, 20, 62, 0.632852, Fujita
data100/Pat41.rcp, 100, 20, 47, 0.398050, Fujita
data100/Pat42.rcp, 100, 20, 46, 0.450140, Fujita
data100/Pat43.rcp, 100, 20, 56, 0.474308, Fujita
data100/Pat44.rcp, 100, 20, 59, 0.560390, Fujita
data100/Pat45.rcp, 100, 20, 51, 0.467830, Fujita
data100/Pat46.rcp, 100, 20, 51, 0.501103, Fujita
data100/Pat47.rcp, 100, 20, 55, 0.540625, Fujita
data100/Pat48.rcp, 100, 20, 60, 0.567591, Fujita
data100/Pat49.rcp, 100, 20, 57, 0.591952, Fujita
data100/Pat0.rcp, 100, 24, 53, 0.514107, Fujita
data100/Pat1.rcp, 100, 24, 51, 0.460368, Fujita
data100/Pat2.rcp, 100, 24, 56, 0.545776, Fujita
data100/Pat3.rcp, 100, 24, 59, 0.577902, Fujita
data100/Pat4.rcp, 100, 24, 51, 0.438138, Fujita
data100/Pat5.rcp, 100, 24, 52, 0.507027, Fujita
data100/Pat6.rcp, 100, 24, 60, 0.588897, Fujita
data100/Pat7.rcp, 100, 24, 50, 0.412505, Fujita
data100/Pat8.rcp, 100, 24, 53, 0.498489, Fujita
data100/Pat9.rcp, 100, 24, 59, 0.602177, Fujita
data100/Pat10.rcp, 100, 24, 56, 0.555448, Fujita
data100/Pat11.rcp, 100, 24, 65, 0.679641, Fujita
data100/Pat12.rcp, 100, 24, 54, 0.439461, Fujita
data100/Pat13.rcp, 100, 24, 51, 0.478504, Fujita
data100/Pat14.rcp, 100, 24, 46, 0.448598, Fujita
data100/Pat15.rcp, 100, 24, 56, 0.582117, Fujita
data100/Pat16.rcp, 100, 24, 58, 0.597873, Fujita
data100/Pat17.rcp, 100, 24, 59, 0.593372, Fujita
data100/Pat18.rcp, 100, 24, 52, 0.516935, Fujita
data100/Pat19.rcp, 100, 24, 50, 0.482615, Fujita
data100/Pat20.rcp, 100, 24, 57, 0.522208, Fujita
data100/Pat21.rcp, 100, 24, 57, 0.546095, Fujita
data100/Pat22.rcp, 100, 24, 59, 0.539768, Fujita
data100/Pat23.rcp, 100, 24, 59, 0.535884, Fujita
data100/Pat24.rcp, 100, 24, 60, 0.571317, Fujita
data100/Pat25.rcp, 100, 24, 55, 0.533498, Fujita
data100/Pat26.rcp, 100, 24, 52, 0.503513, Fujita
data100/Pat27.rcp, 100, 24, 52, 0.476793, Fujita
data100/Pat28.rcp, 100, 24, 54, 0.476678, Fujita
data100/Pat29.rcp, 100, 24, 59, 0.551434, Fujita
data100/Pat30.rcp, 100, 24, 53, 0.476825, Fujita
data100/Pat31.rcp, 100, 24, 47, 0.428709, Fujita
data100/Pat32.rcp, 100, 24, 57, 0.541350, Fujita
data100/Pat33.rcp, 100, 24, 52, 0.436848, Fujita
data100/Pat34.rcp, 100, 24, 51, 0.489956, Fujita
data100/Pat35.rcp, 100, 24, 57, 0.516704, Fujita
data100/Pat36.rcp, 100, 24, 48, 0.432489, Fujita
data100/Pat37.rcp, 100, 24, 57, 0.521884, Fujita
data100/Pat38.rcp, 100, 24, 60, 0.535035, Fujita
data100/Pat39.rcp, 100, 24, 60, 0.526340, Fujita
data100/Pat40.rcp, 100, 24, 62, 0.593330, Fujita
data100/Pat41.rcp, 100, 24, 47, 0.369153, Fujita
data100/Pat42.rcp, 100, 24, 46, 0.440790, Fujita
data100/Pat43.rcp, 100, 24, 56, 0.456818, Fujita
data100/Pat44.rcp, 100, 24, 59, 0.550986, Fujita
data100/Pat45.rcp, 100, 24, 51, 0.452065, Fujita
data100/Pat46.rcp, 100, 24, 51, 0.481838, Fujita
data100/Pat47.rcp, 100, 24, 55, 0.520391, Fujita
data100/Pat48.rcp, 100, 24, 60, 0.571530, Fujita
data100/Pat49.rcp, 100, 24, 57, 0.563413, Fujita
data100/Pat0.rcp, 100, 28, 53, 0.522662, Fujita
data100/Pat1.rcp, 100, 28, 51, 0.469884, Fujita
data100/Pat2.rcp, 100, 28, 56, 0.525481, Fujita
data100/Pat3.rcp, 100, 28, 59, 0.565677, Fujita
data100/Pat4.rcp, 100, 28, 51, 0.427623, Fujita
data100/Pat5.rcp, 100, 28, 52, 0.503441, Fujita
data100/Pat6.rcp, 100, 28, 60, 0.573901, Fujita
data100/Pat7.rcp, 100, 28, 50, 0.405011, Fujita
data100/Pat8.rcp, 100, 28, 53, 0.509001, Fujita
data100/Pat9.rcp, 100, 28, 59, 0.609250, Fujita
data100/Pat10.rcp, 100, 28, 56, 0.545089, Fujita
data100/Pat11.rcp, 100, 28, 65, 0.622503, Fujita
data100/Pat12.rcp, 100, 28, 54, 0.446296, Fujita
data100/Pat13.rcp, 100, 28, 51, 0.488036, Fujita
data100/Pat14.rcp, 100, 28, 46, 0.455132, Fujita
data100/Pat15.rcp, 100, 28, 56, 0.546341, Fujita
data100/Pat16.rcp, 100, 28, 58, 0.554319, Fujita
data100/Pat17.rcp, 100, 28, 59, 0.563032, Fujita
data100/Pat18.rcp, 100, 28, 52, 0.464821, Fujita
data100/Pat19.rcp, 100, 28, 50, 0.468397, Fujita
data100/Pat20.rcp, 100, 28, 57, 0.501402, Fujita
data100/Pat21.rcp, 100, 28, 57, 0.510972, Fujita
data100/Pat22.rcp, 100, 28, 59, 0.532224, Fujita
data100/Pat23.rcp, 100, 28, 59, 0.516143, Fujita
data100/Pat24.rcp, 100, 28, 60, 0.575588, Fujita
data100/Pat25.rcp, 100, 28, 55, 0.500012, Fujita
data100/Pat26.rcp, 100, 28, 52, 0.517385, Fujita
data100/Pat27.rcp, 100, 28, 52, 0.492397, Fujita
data100/Pat28.rcp, 100, 28, 54, 0.487010, Fujita
data100/Pat29.rcp, 100, 28, 59, 0.560476, Fujita
data100/Pat30.rcp, 100, 28, 53, 0.464664, Fujita
data100/Pat31.rcp, 100, 28, 47, 0.456015, Fujita
data100/Pat32.rcp, 100, 28, 57, 0.547170, Fujita
data100/Pat33.rcp, 100, 28, 52, 0.451217, Fujita
data100/Pat34.rcp, 100, 28, 51, 0.478716, Fujita
data100/Pat35.rcp, 100, 28, 57, 0.523006, Fujita
data100/Pat36.rcp, 100, 28, 48, 0.435389, Fujita
data100/Pat37.rcp, 100, 28, 57, 0.509321, Fujita
data100/Pat38.rcp, 100, 28, 60, 0.534273, Fujita
data100/Pat39.rcp, 100, 28, 60, 0.526939, Fujita
data100/Pat40.rcp, 100, 28, 62, 0.615930, Fujita
data100/Pat41.rcp, 100, 28, 47, 0.374391, Fujita
data100/Pat42.rcp, 100, 28, 46, 0.426914, Fujita
data100/Pat43.rcp, 100, 28, 56, 0.469005, Fujita
data100/Pat44.rcp, 100, 28, 59, 0.535744, Fujita
data100/Pat45.rcp, 100, 28, 51, 0.446271, Fujita
data100/Pat46.rcp, 100, 28, 51, 0.468399, Fujita
data100/Pat47.rcp, 100, 28, 55, 0.524918, Fujita
data100/Pat48.rcp, 100, 28, 60, 0.603461, Fujita
data100/Pat49.rcp, 100, 28, 57, 0.564383, Fujita
data100/Pat0.rcp, 100, 32, 53, 0.522886, Fujita
data100/Pat1.rcp, 100, 32, 51, 0.474374, Fujita
data100/Pat2.rcp, 100, 32, 56, 0.523152, Fujita
data100/Pat3.rcp, 100, 32, 59, 0.576044, Fujita
data100/Pat4.rcp, 100, 32, 51, 0.436484, Fujita
data100/Pat5.rcp, 100, 32, 52, 0.509228, Fujita
data100/Pat6.rcp, 100, 32, 60, 0.586076, Fujita
data100/Pat7.rcp, 100, 32, 50, 0.438287, Fujita
data100/Pat8.rcp, 100, 32, 53, 0.520847, Fujita
data100/Pat9.rcp, 100, 32, 59, 0.580270, Fujita
data100/Pat10.rcp, 100, 32, 56, 0.532138, Fujita
data100/Pat11.rcp, 100, 32, 65, 0.640410, Fujita
data100/Pat12.rcp, 100, 32, 54, 0.423427, Fujita
data100/Pat13.rcp, 100, 32, 51, 0.496966, Fujita
data100/Pat14.rcp, 100, 32, 46, 0.466322, Fujita
data100/Pat15.rcp, 100, 32, 56, 0.559097, Fujita
data100/Pat16.rcp, 100, 32, 58, 0.556141, Fujita
data100/Pat17.rcp, 100, 32, 59, 0.563097, Fujita
data100/Pat18.rcp, 100, 32, 52, 0.501127, Fujita
data100/Pat19.rcp, 100, 32, 50, 0.486416, Fujita
data100/Pat20.rcp, 100, 32, 57, 0.503646, Fujita
data100/Pat21.rcp, 100, 32, 57, 0.540588, Fujita
data100/Pat22.rcp, 100, 32, 59, 0.529879, Fujita
data100/Pat23.rcp, 100, 32, 59, 0.536506, Fujita
data100/Pat24.rcp, 100, 32, 60, 0.542421, Fujita
data100/Pat25.rcp, 100, 32, 55, 0.500058, Fujita
data100/Pat26.rcp, 100, 32, 52, 0.517735, Fujita
data100/Pat27.rcp, 100, 32, 52, 0.488556, Fujita
data100/Pat28.rcp, 100, 32, 54, 0.466200, Fujita
data100/Pat29.rcp, 100, 32, 59, 0.564054, Fujita
data100/Pat30.rcp, 100, 32, 53, 0.486315, Fujita
data100/Pat31.rcp, 100, 32, 47, 0.445746, Fujita
data100/Pat32.rcp, 100, 32, 57, 0.509508, Fujita
data100/Pat33.rcp, 100, 32, 52, 0.443546, Fujita
data100/Pat34.rcp, 100, 32, 51, 0.503170, Fujita
data100/Pat35.rcp, 100, 32, 57, 0.541234, Fujita
data100/Pat36.rcp, 100, 32, 48, 0.435174, Fujita
data100/Pat37.rcp, 100, 32, 57, 0.508858, Fujita
data100/Pat38.rcp, 100, 32, 60, 0.546981, Fujita
data100/Pat39.rcp, 100, 32, 60, 0.545378, Fujita
data100/Pat40.rcp, 100, 32, 62, 0.618468, Fujita
data100/Pat41.rcp, 100, 32, 47, 0.389539, Fujita
data100/Pat42.rcp, 100, 32, 46, 0.432548, Fujita
data100/Pat43.rcp, 100, 32, 56, 0.479365, Fujita
data100/Pat44.rcp, 100, 32, 59, 0.604233, Fujita
data100/Pat45.rcp, 100, 32, 51, 0.494685, Fujita
data100/Pat46.rcp, 100, 32, 51, 0.497838, Fujita
data100/Pat47.rcp, 100, 32, 55, 0.566086, Fujita
data100/Pat48.rcp, 100, 32, 60, 0.617588, Fujita
data100/Pat49.rcp, 100, 32, 57, 0.588067, Fujita
data100/Pat0.rcp, 100, 12, 53, 0.449156, Fernandez
data100/Pat1.rcp, 100, 12, 51, 0.355114, Fernandez
data100/Pat2.rcp, 100, 12, 56, 0.452406, Fernandez
data100/Pat3.rcp, 100, 12, 59, 0.486684, Fernandez
data100/Pat4.rcp, 100, 12, 51, 0.380726, Fernandez
data100/Pat5.rcp, 100, 12, 52, 0.409939, Fernandez
data100/Pat6.rcp, 100, 12, 60, 0.530634, Fernandez
data100/Pat7.rcp, 100, 12, 50, 0.400045, Fernandez
data100/Pat8.rcp, 100, 12, 53, 0.466187, Fernandez
data100/Pat9.rcp, 100, 12, 59, 0.560365, Fernandez
data100/Pat10.rcp, 100, 12, 56, 0.508888, Fernandez
data100/Pat11.rcp, 100, 12, 65, 0.569472, Fernandez
data100/Pat12.rcp, 100, 12, 54, 0.420106, Fernandez
data100/Pat13.rcp, 100, 12, 51, 0.402110, Fernandez
data100/Pat14.rcp, 100, 12, 46, 0.390232, Fernandez
data100/Pat15.rcp, 100, 12, 56, 0.467552, Fernandez
data100/Pat16.rcp, 100, 12, 58, 0.506110, Fernandez
data100/Pat17.rcp, 100, 12, 59, 0.519941, Fernandez
data100/Pat18.rcp, 100, 12, 52, 0.411196, Fernandez
data100/Pat19.rcp, 100, 12, 50, 0.372360, Fernandez
data100/Pat20.rcp, 100, 12, 57, 0.468845, Fernandez
data100/Pat21.rcp, 100, 12, 57, 0.439099, Fernandez
data100/Pat22.rcp, 100, 12, 59, 0.497249, Fernandez
data100/Pat23.rcp, 100, 12, 59, 0.414025, Fernandez
data100/Pat24.rcp, 100, 12, 60, 0.473905, Fernandez
data100/Pat25.rcp, 100, 12, 55, 0.447189, Fernandez
data100/Pat26.rcp, 100, 12, 52, 0.437174, Fernandez
data100/Pat27.rcp, 100, 12, 52, 0.414072, Fernandez
data100/Pat28.rcp, 100, 12, 54, 0.405750, Fernandez
data100/Pat29.rcp, 100, 12, 59, 0.457655, Fernandez
data100/Pat30.rcp, 100, 12, 53, 0.394359, Fernandez
data100/Pat31.rcp, 100, 12, 47, 0.405131, Fernandez
data100/Pat32.rcp, 100, 12, 57, 0.484342, Fernandez
data100/Pat33.rcp, 100, 12, 52, 0.370435, Fernandez
data100/Pat34.rcp, 100, 12, 51, 0.445252, Fernandez
data100/Pat35.rcp, 100, 12, 57, 0.469948, Fernandez
data100/Pat36.rcp, 100, 12, 48, 0.378826, Fernandez
data100/Pat37.rcp, 100, 12, 57, 0.470309, Fernandez
data100/Pat38.rcp, 100, 12, 60, 0.489584, Fernandez
data100/Pat39.rcp, 100, 12, 60, 0.454759, Fernandez
data100/Pat40.rcp, 100, 12, 62, 0.519689, Fernandez
data100/Pat41.rcp, 100, 12, -2, 60.000050, Fernandez
data100/Pat42.rcp, 100, 12, 46, 0.376654, Fernandez
data100/Pat43.rcp, 100, 12, 56, 0.448589, Fernandez
data100/Pat44.rcp, 100, 12, 59, 0.454509, Fernandez
data100/Pat45.rcp, 100, 12, 51, 0.382688, Fernandez
data100/Pat46.rcp, 100, 12, 51, 0.423816, Fernandez
data100/Pat47.rcp, 100, 12, 55, 0.468360, Fernandez
data100/Pat48.rcp, 100, 12, 60, 0.480693, Fernandez
data100/Pat49.rcp, 100, 12, 57, 0.484554, Fernandez
data100/Pat0.rcp, 100, 16, 53, 0.442438, Fernandez
data100/Pat1.rcp, 100, 16, 51, 0.383211, Fernandez
data100/Pat2.rcp, 100, 16, 56, 0.455330, Fernandez
data100/Pat3.rcp, 100, 16, 59, 0.505668, Fernandez
data100/Pat4.rcp, 100, 16, 51, 0.396784, Fernandez
data100/Pat5.rcp, 100, 16, 52, 0.411456, Fernandez
data100/Pat6.rcp, 100, 16, 60, 0.498073, Fernandez
data100/Pat7.rcp, 100, 16, 50, 0.349772, Fernandez
data100/Pat8.rcp, 100, 16, 53, 0.454167, Fernandez
data100/Pat9.rcp, 100, 16, 59, 0.553919, Fernandez
data100/Pat10.rcp, 100, 16, 56, 0.483080, Fernandez
data100/Pat11.rcp, 100, 16, 65, 0.545610, Fernandez
data100/Pat12.rcp, 100, 16, 54, 0.413576, Fernandez
data100/Pat13.rcp, 100, 16, 51, 0.414997, Fernandez
data100/Pat14.rcp, 100, 16, 46, 0.388105, Fernandez
data100/Pat15.rcp, 100, 16, 56, 0.500466, Fernandez
data100/Pat16.rcp, 100, 16, 58, 0.486988, Fernandez
data100/Pat17.rcp, 100, 16, 59, 0.505879, Fernandez
data100/Pat18.rcp, 100, 16, 52, 0.418160, Fernandez
data100/Pat19.rcp, 100, 16, 50, 0.364637, Fernandez
data100/Pat20.rcp, 100, 16, 57, 0.457657, Fernandez
data100/Pat21.rcp, 100, 16, 57, 0.459394, Fernandez
data100/Pat22.rcp, 100, 16, 59, 0.491172, Fernandez
data100/Pat23.rcp, 100, 16, 59, 0.432309, Fernandez
data100/Pat24.rcp, 100, 16, 60, 0.466448, Fernandez
data100/Pat25.rcp, 100, 16, 55, 0.454961, Fernandez
data100/Pat26.rcp, 100, 16, 52, 0.465951, Fernandez
data100/Pat27.rcp, 100, 16, 52, 0.412864, Fernandez
data100/Pat28.rcp, 100, 16, 54, 0.427420, Fernandez
data100/Pat29.rcp, 100, 16, 59, 0.458580, Fernandez
data100/Pat30.rcp, 100, 16, 53, 0.398159, Fernandez
data100/Pat31.rcp, 100, 16, 47, 0.392939, Fernandez
data100/Pat32.rcp, 100, 16, 57, 0.488661, Fernandez
data100/Pat33.rcp, 100, 16, 52, 0.385476, Fernandez
data100/Pat34.rcp, 100, 16, 51, 0.447357, Fernandez
data100/Pat35.rcp, 100, 16, 57, 0.473932, Fernandez
data100/Pat36.rcp, 100, 16, 48, 0.403280, Fernandez
data100/Pat37.rcp, 100, 16, 57, 0.458091, Fernandez
data100/Pat38.rcp, 100, 16, 60, 0.495226, Fernandez
data100/Pat39.rcp, 100, 16, 60, 0.473728, Fernandez
data100/Pat40.rcp, 100, 16, 62, 0.539863, Fernandez
data100/Pat41.rcp, 100, 16, 47, 0.343453, Fernandez
data100/Pat42.rcp, 100, 16, 46, 0.360669, Fernandez
data100/Pat43.rcp, 100, 16, 56, 0.460198, Fernandez
data100/Pat44.rcp, 100, 16, 59, 0.475534, Fernandez
data100/Pat45.rcp, 100, 16, 51, 0.431785, Fernandez
data100/Pat46.rcp, 100, 16, 51, 0.433494, Fernandez
data100/Pat47.rcp, 100, 16, 55, 0.492436, Fernandez
data100/Pat48.rcp, 100, 16, 60, 0.554667, Fernandez
data100/Pat49.rcp, 100, 16, 57, 0.501653, Fernandez
data100/Pat0.rcp, 100, 20, 53, 0.459991, Fernandez
data100/Pat1.rcp, 100, 20, 51, 0.451408, Fernandez
data100/Pat2.rcp, 100, 20, 56, 0.483244, Fernandez
data100/Pat3.rcp, 100, 20, 59, 0.505631, Fernandez
data100/Pat4.rcp, 100, 20, 51, 0.404009, Fernandez
data100/Pat5.rcp, 100, 20, 52, 0.518642, Fernandez
data100/Pat6.rcp, 100, 20, 60, 0.515690, Fernandez
data100/Pat7.rcp, 100, 20, 50, 0.341674, Fernandez
data100/Pat8.rcp, 100, 20, 53, 0.447373, Fernandez
data100/Pat9.rcp, 100, 20, 59, 0.554025, Fernandez
data100/Pat10.rcp, 100, 20, 56, 0.483308, Fernandez
data100/Pat11.rcp, 100, 20, 65, 0.548333, Fernandez
data100/Pat12.rcp, 100, 20, 54, 0.392111, Fernandez
data100/Pat13.rcp, 100, 20, 51, 0.398554, Fernandez
data100/Pat14.rcp, 100, 20, 46, 0.371898, Fernandez
data100/Pat15.rcp, 100, 20, 56, 0.494968, Fernandez
data100/Pat16.rcp, 100, 20, 58, 0.492293, Fernandez
data100/Pat17.rcp, 100, 20, 59, 0.501487, Fernandez
data100/Pat18.rcp, 100, 20, 52, 0.423174, Fernandez
data100/Pat19.rcp, 100, 20, 50, 0.363542, Fernandez
data100/Pat20.rcp, 100, 20, 57, 0.447471, Fernandez
data100/Pat21.rcp, 100, 20, 57, 0.444022, Fernandez
data100/Pat22.rcp, 100, 20, 59, 0.495817, Fernandez
data100/Pat23.rcp, 100, 20, 59, 0.447096, Fernandez
data100/Pat24.rcp, 100, 20, 60, 0.468812, Fernandez
data100/Pat25.rcp, 100, 20, 55, 0.469163, Fernandez
data100/Pat26.rcp, 100, 20, 52, 0.453563, Fernandez
data100/Pat27.rcp, 100, 20, 52, 0.437127, Fernandez
data100/Pat28.rcp, 100, 20, 54, 0.435942, Fernandez
data100/Pat29.rcp, 100, 20, 59, 0.480433, Fernandez
data100/Pat30.rcp, 100, 20, 53, 0.416846, Fernandez
data100/Pat31.rcp, 100, 20, 47, 0.391702, Fernandez
data100/Pat32.rcp, 100, 20, 57, 0.558941, Fernandez
data100/Pat33.rcp, 100, 20, 52, 0.380417, Fernandez
data100/Pat34.rcp, 100, 20, 51, 0.456970, Fernandez
data100/Pat35.rcp, 100, 20, 57, 0.475669, Fernandez
data100/Pat36.rcp, 100, 20, 48, 0.389656, Fernandez
data100/Pat37.rcp, 100, 20, 57, 0.463861, Fernandez
data100/Pat38.rcp, 100, 20, 60, 0.497657, Fernandez
data100/Pat39.rcp, 100, 20, 60, 0.467002, Fernandez
data100/Pat40.rcp, 100, 20, 62, 0.520846, Fernandez
data100/Pat41.rcp, 100, 20, 47, 0.322629, Fernandez
data100/Pat42.rcp, 100, 20, 46, 0.355776, Fernandez
data100/Pat43.rcp, 100, 20, 56, 0.437917, Fernandez
data100/Pat44.rcp, 100, 20, 59, 0.457786, Fernandez
data100/Pat45.rcp, 100, 20, 51, 0.408409, Fernandez
data100/Pat46.rcp, 100, 20, 51, 0.414629, Fernandez
data100/Pat47.rcp, 100, 20, 55, 0.493592, Fernandez
data100/Pat48.rcp, 100, 20, 60, 0.536970, Fernandez
data100/Pat49.rcp, 100, 20, 57, 0.488468, Fernandez
data100/Pat0.rcp, 100, 24, 53, 0.458132, Fernandez
data100/Pat1.rcp, 100, 24, 51, 0.407244, Fernandez
data100/Pat2.rcp, 100, 24, 56, 0.465044, Fernandez
data100/Pat3.rcp, 100, 24, 59, 0.505224, Fernandez
data100/Pat4.rcp, 100, 24, 51, 0.398515, Fernandez
data100/Pat5.rcp, 100, 24, 52, 0.449554, Fernandez
data100/Pat6.rcp, 100, 24, 60, 0.520594, Fernandez
data100/Pat7.rcp, 100, 24, 50, 0.351647, Fernandez
data100/Pat8.rcp, 100, 24, 53, 0.432949, Fernandez
data100/Pat9.rcp, 100, 24, 59, 0.536859, Fernandez
data100/Pat10.rcp, 100, 24, 56, 0.482555, Fernandez
data100/Pat11.rcp, 100, 24, 65, 0.529111, Fernandez
data100/Pat12.rcp, 100, 24, 54, 0.390117, Fernandez
data100/Pat13.rcp, 100, 24, 51, 0.393125, Fernandez
data100/Pat14.rcp, 100, 24, 46, 0.376938, Fernandez
data100/Pat15.rcp, 100, 24, 56, 0.495083, Fernandez
data100/Pat16.rcp, 100, 24, 58, 0.489923, Fernandez
data100/Pat17.rcp, 100, 24, 59, 0.557539, Fernandez
data100/Pat18.rcp, 100, 24, 52, 0.415232, Fernandez
data100/Pat19.rcp, 100, 24, 50, 0.371695, Fernandez
data100/Pat20.rcp, 100, 24, 57, 0.451378, Fernandez
data100/Pat21.rcp, 100, 24, 57, 0.455578, Fernandez
data100/Pat22.rcp, 100, 24, 59, 0.499293, Fernandez
data100/Pat23.rcp, 100, 24, 59, 0.439960, Fernandez
data100/Pat24.rcp, 100, 24, 60, 0.448074, Fernandez
data100/Pat25.rcp, 100, 24, 55, 0.450302, Fernandez
data100/Pat26.rcp, 100, 24, 52, 0.458724, Fernandez
data100/Pat27.rcp, 100, 24, 52, 0.422848, Fernandez
data100/Pat28.rcp, 100, 24, 54, 0.430425, Fernandez
data100/Pat29.rcp, 100, 24, 59, 0.460098, Fernandez
data100/Pat30.rcp, 100, 24, 53, 0.403555, Fernandez
data100/Pat31.rcp, 100, 24, 47, 0.387819, Fernandez
data100/Pat32.rcp, 100, 24, 57, 0.475892, Fernandez
data100/Pat33.rcp, 100, 24, 52, 0.369744, Fernandez
data100/Pat34.rcp, 100, 24, 51, 0.447925, Fernandez
data100/Pat35.rcp, 100, 24, 57, 0.463703, Fernandez
data100/Pat36.rcp, 100, 24, 48, 0.379469, Fernandez
data100/Pat37.rcp, 100, 24, 57, 0.478814, Fernandez
data100/Pat38.rcp, 100, 24, 60, 0.505457, Fernandez
data100/Pat39.rcp, 100, 24, 60, 0.465941, Fernandez
data100/Pat40.rcp, 100, 24, 62, 0.521667, Fernandez
data100/Pat41.rcp, 100, 24, 47, 0.318731, Fernandez
data100/Pat42.rcp, 100, 24, 46, 0.345321, Fernandez
data100/Pat43.rcp, 100, 24, 56, 0.443089, Fernandez
data100/Pat44.rcp, 100, 24, 59, 0.447547, Fernandez
data100/Pat45.rcp, 100, 24, 51, 0.423318, Fernandez
data100/Pat46.rcp, 100, 24, 51, 0.418013, Fernandez
data100/Pat47.rcp, 100, 24, 55, 0.488489, Fernandez
data100/Pat48.rcp, 100, 24, 60, 0.538342, Fernandez
data100/Pat49.rcp, 100, 24, 57, 0.501815, Fernandez
data100/Pat0.rcp, 100, 28, 53, 0.450910, Fernandez
data100/Pat1.rcp, 100, 28, 51, 0.412808, Fernandez
data100/Pat2.rcp, 100, 28, 56, 0.466309, Fernandez
data100/Pat3.rcp, 100, 28, 59, 0.506945, Fernandez
data100/Pat4.rcp, 100, 28, 51, 0.423835, Fernandez
data100/Pat5.rcp, 100, 28, 52, 0.419633, Fernandez
data100/Pat6.rcp, 100, 28, 60, 0.496629, Fernandez
data100/Pat7.rcp, 100, 28, 50, 0.344582, Fernandez
data100/Pat8.rcp, 100, 28, 53, 0.438234, Fernandez
data100/Pat9.rcp, 100, 28, 59, 0.544557, Fernandez
data100/Pat10.rcp, 100, 28, 56, 0.494600, Fernandez
data100/Pat11.rcp, 100, 28, 65, 0.530507, Fernandez
data100/Pat12.rcp, 100, 28, 54, 0.379998, Fernandez
data100/Pat13.rcp, 100, 28, 51, 0.391961, Fernandez
data100/Pat14.rcp, 100, 28, 46, 0.379246, Fernandez
data100/Pat15.rcp, 100, 28, 56, 0.488774, Fernandez
data100/Pat16.rcp, 100, 28, 58, 0.506421, Fernandez
data100/Pat17.rcp, 100, 28, 59, 0.501450, Fernandez
data100/Pat18.rcp, 100, 28, 52, 0.414618, Fernandez
data100/Pat19.rcp, 100, 28, 50, 0.373581, Fernandez
data100/Pat20.rcp, 100, 28, 57, 0.452225, Fernandez
data100/Pat21.rcp, 100, 28, 57, 0.460593, Fernandez
data100/Pat22.rcp, 100, 28, 59, 0.502455, Fernandez
data100/Pat23.rcp, 100, 28, 59, 0.443489, Fernandez
data100/Pat24.rcp, 100, 28, 60, 0.460182, Fernandez
data100/Pat25.rcp, 100, 28, 55, 0.440280, Fernandez
data100/Pat26.rcp, 100, 28, 52, 0.446734, Fernandez
data100/Pat27.rcp, 100, 28, 52, 0.426488, Fernandez
data100/Pat28.rcp, 100, 28, 54, 0.416000, Fernandez
data100/Pat29.rcp, 100, 28, 59, 0.448279, Fernandez
data100/Pat30.rcp, 100, 28, 53, 0.399999, Fernandez
data100/Pat31.rcp, 100, 28, 47, 0.392144, Fernandez
data100/Pat32.rcp, 100, 28, 57, 0.480144, Fernandez
data100/Pat33.rcp, 100, 28, 52, 0.377314, Fernandez
data100/Pat34.rcp, 100, 28, 51, 0.453626, Fernandez
data100/Pat35.rcp, 100, 28, 57, 0.488152, Fernandez
data100/Pat36.rcp, 100, 28, 48, 0.394386, Fernandez
data100/Pat37.rcp, 100, 28, 57, 0.488063, Fernandez
data100/Pat38.rcp, 100, 28, 60, 0.515497, Fernandez
data100/Pat39.rcp, 100, 28, 60, 0.444796, Fernandez
data100/Pat40.rcp, 100, 28, 62, 0.570149, Fernandez
data100/Pat41.rcp, 100, 28, 47, 0.345156, Fernandez
data100/Pat42.rcp, 100, 28, 46, 0.353236, Fernandez
data100/Pat43.rcp, 100, 28, 56, 0.426481, Fernandez
data100/Pat44.rcp, 100, 28, 59, 0.445103, Fernandez
data100/Pat45.rcp, 100, 28, 51, 0.411237, Fernandez
data100/Pat46.rcp, 100, 28, 51, 0.417038, Fernandez
data100/Pat47.rcp, 100, 28, 55, 0.481556, Fernandez
data100/Pat48.rcp, 100, 28, 60, 0.525034, Fernandez
data100/Pat49.rcp, 100, 28, 57, 0.509285, Fernandez
data100/Pat0.rcp, 100, 32, 53, 0.471371, Fernandez
data100/Pat1.rcp, 100, 32, 51, 0.420153, Fernandez
data100/Pat2.rcp, 100, 32, 56, 0.466197, Fernandez
data100/Pat3.rcp, 100, 32, 59, 0.487334, Fernandez
data100/Pat4.rcp, 100, 32, 51, 0.402221, Fernandez
data100/Pat5.rcp, 100, 32, 52, 0.433235, Fernandez
data100/Pat6.rcp, 100, 32, 60, 0.532048, Fernandez
data100/Pat7.rcp, 100, 32, 50, 0.365632, Fernandez
data100/Pat8.rcp, 100, 32, 53, 0.440899, Fernandez
data100/Pat9.rcp, 100, 32, 59, 0.573470, Fernandez
data100/Pat10.rcp, 100, 32, 56, 0.522935, Fernandez
data100/Pat11.rcp, 100, 32, 65, 0.558333, Fernandez
data100/Pat12.rcp, 100, 32, 54, 0.413352, Fernandez
data100/Pat13.rcp, 100, 32, 51, 0.400695, Fernandez
data100/Pat14.rcp, 100, 32, 46, 0.381671, Fernandez
data100/Pat15.rcp, 100, 32, 56, 0.492335, Fernandez
data100/Pat16.rcp, 100, 32, 58, 0.491428, Fernandez
data100/Pat17.rcp, 100, 32, 59, 0.508805, Fernandez
data100/Pat18.rcp, 100, 32, 52, 0.426915, Fernandez
data100/Pat19.rcp, 100, 32, 50, 0.381862, Fernandez
data100/Pat20.rcp, 100, 32, 57, 0.465309, Fernandez
data100/Pat21.rcp, 100, 32, 57, 0.475740, Fernandez
data100/Pat22.rcp, 100, 32, 59, 0.518375, Fernandez
data100/Pat23.rcp, 100, 32, 59, 0.462853, Fernandez
data100/Pat24.rcp, 100, 32, 60, 0.462161, Fernandez
data100/Pat25.rcp, 100, 32, 55, 0.454795, Fernandez
data100/Pat26.rcp, 100, 32, 52, 0.461499, Fernandez
data100/Pat27.rcp, 100, 32, 52, 0.434009, Fernandez
data100/Pat28.rcp, 100, 32, 54, 0.429521, Fernandez
data100/Pat29.rcp, 100, 32, 59, 0.452425, Fernandez
data100/Pat30.rcp, 100, 32, 53, 0.408461, Fernandez
data100/Pat31.rcp, 100, 32, 47, 0.403877, Fernandez
data100/Pat32.rcp, 100, 32, 57, 0.481859, Fernandez
data100/Pat33.rcp, 100, 32, 52, 0.373404, Fernandez
data100/Pat34.rcp, 100, 32, 51, 0.440050, Fernandez
data100/Pat35.rcp, 100, 32, 57, 0.474745, Fernandez
data100/Pat36.rcp, 100, 32, 48, 0.391899, Fernandez
data100/Pat37.rcp, 100, 32, 57, 0.460673, Fernandez
data100/Pat38.rcp, 100, 32, 60, 0.492651, Fernandez
data100/Pat39.rcp, 100, 32, 60, 0.458883, Fernandez
data100/Pat40.rcp, 100, 32, 62, 0.517669, Fernandez
data100/Pat41.rcp, 100, 32, 47, 0.318742, Fernandez
data100/Pat42.rcp, 100, 32, 46, 0.352620, Fernandez
data100/Pat43.rcp, 100, 32, 56, 0.425234, Fernandez
data100/Pat44.rcp, 100, 32, 59, 0.454155, Fernandez
data100/Pat45.rcp, 100, 32, 51, 0.399772, Fernandez
data100/Pat46.rcp, 100, 32, 51, 0.428183, Fernandez
data100/Pat47.rcp, 100, 32, 55, 0.491752, Fernandez
data100/Pat48.rcp, 100, 32, 60, 0.530707, Fernandez
data100/Pat49.rcp, 100, 32, 57, 0.507976, Fernandez
